{"/home/physikerwelt/git/ag-gipp/vmext/server.js":{"path":"/home/physikerwelt/git/ag-gipp/vmext/server.js","s":{"1":1,"2":1,"3":1,"4":1,"5":1,"6":1,"7":1,"8":1,"9":1,"10":1,"11":1,"12":1,"13":14,"14":14,"15":14,"16":1,"17":1,"18":1,"19":1,"20":1,"21":1,"22":5,"23":5,"24":5,"25":5,"26":5,"27":5,"28":1,"29":0,"30":1},"b":{"1":[5,5],"2":[5,5],"3":[0,1]},"f":{"1":5},"fnMap":{"1":{"name":"start","line":66,"loc":{"start":{"line":66,"column":0},"end":{"line":66,"column":17}}}},"statementMap":{"1":{"start":{"line":4,"column":0},"end":{"line":4,"column":36}},"2":{"start":{"line":6,"column":0},"end":{"line":6,"column":35}},"3":{"start":{"line":7,"column":0},"end":{"line":7,"column":39}},"4":{"start":{"line":10,"column":0},"end":{"line":10,"column":43}},"5":{"start":{"line":11,"column":0},"end":{"line":11,"column":41}},"6":{"start":{"line":12,"column":0},"end":{"line":12,"column":36}},"7":{"start":{"line":13,"column":0},"end":{"line":13,"column":37}},"8":{"start":{"line":14,"column":0},"end":{"line":14,"column":46}},"9":{"start":{"line":35,"column":0},"end":{"line":35,"column":54}},"10":{"start":{"line":37,"column":0},"end":{"line":37,"column":23}},"11":{"start":{"line":39,"column":0},"end":{"line":39,"column":29}},"12":{"start":{"line":42,"column":0},"end":{"line":46,"column":3}},"13":{"start":{"line":43,"column":2},"end":{"line":43,"column":49}},"14":{"start":{"line":44,"column":2},"end":{"line":44,"column":95}},"15":{"start":{"line":45,"column":2},"end":{"line":45,"column":9}},"16":{"start":{"line":48,"column":0},"end":{"line":48,"column":36}},"17":{"start":{"line":50,"column":0},"end":{"line":50,"column":41}},"18":{"start":{"line":52,"column":0},"end":{"line":52,"column":43}},"19":{"start":{"line":54,"column":0},"end":{"line":54,"column":56}},"20":{"start":{"line":63,"column":0},"end":{"line":63,"column":44}},"21":{"start":{"line":66,"column":0},"end":{"line":76,"column":1}},"22":{"start":{"line":67,"column":2},"end":{"line":75,"column":5}},"23":{"start":{"line":68,"column":4},"end":{"line":68,"column":79}},"24":{"start":{"line":69,"column":4},"end":{"line":74,"column":7}},"25":{"start":{"line":70,"column":6},"end":{"line":72,"column":20}},"26":{"start":{"line":71,"column":8},"end":{"line":71,"column":31}},"27":{"start":{"line":73,"column":6},"end":{"line":73,"column":87}},"28":{"start":{"line":78,"column":0},"end":{"line":80,"column":1}},"29":{"start":{"line":79,"column":2},"end":{"line":79,"column":10}},"30":{"start":{"line":82,"column":0},"end":{"line":85,"column":2}}},"branchMap":{"1":{"line":67,"type":"binary-expr","locations":[{"start":{"line":67,"column":20},"end":{"line":67,"column":36}},{"start":{"line":67,"column":40},"end":{"line":67,"column":44}}]},"2":{"line":68,"type":"binary-expr","locations":[{"start":{"line":68,"column":51},"end":{"line":68,"column":67}},{"start":{"line":68,"column":71},"end":{"line":68,"column":75}}]},"3":{"line":78,"type":"if","locations":[{"start":{"line":78,"column":0},"end":{"line":78,"column":0}},{"start":{"line":78,"column":0},"end":{"line":78,"column":0}}]}}},"/home/physikerwelt/git/ag-gipp/vmext/lib/logger/index.js":{"path":"/home/physikerwelt/git/ag-gipp/vmext/lib/logger/index.js","s":{"1":1,"2":1,"3":1,"4":1,"5":1,"6":1,"7":1,"8":1,"9":0,"10":1,"11":1,"12":1,"13":1,"14":0,"15":0,"16":1,"17":1,"18":1,"19":1},"b":{"1":[0,1],"2":[0,1]},"f":{"1":1},"fnMap":{"1":{"name":"createLogDir","line":10,"loc":{"start":{"line":10,"column":0},"end":{"line":10,"column":24}}}},"statementMap":{"1":{"start":{"line":3,"column":0},"end":{"line":3,"column":35}},"2":{"start":{"line":4,"column":0},"end":{"line":4,"column":25}},"3":{"start":{"line":5,"column":0},"end":{"line":5,"column":46}},"4":{"start":{"line":6,"column":0},"end":{"line":6,"column":64}},"5":{"start":{"line":7,"column":0},"end":{"line":7,"column":51}},"6":{"start":{"line":10,"column":0},"end":{"line":14,"column":1}},"7":{"start":{"line":11,"column":2},"end":{"line":11,"column":50}},"8":{"start":{"line":12,"column":2},"end":{"line":12,"column":57}},"9":{"start":{"line":12,"column":33},"end":{"line":12,"column":55}},"10":{"start":{"line":13,"column":2},"end":{"line":13,"column":25}},"11":{"start":{"line":16,"column":0},"end":{"line":36,"column":3}},"12":{"start":{"line":38,"column":0},"end":{"line":44,"column":2}},"13":{"start":{"line":46,"column":0},"end":{"line":57,"column":1}},"14":{"start":{"line":47,"column":2},"end":{"line":56,"column":4}},"15":{"start":{"line":54,"column":28},"end":{"line":54,"column":117}},"16":{"start":{"line":58,"column":0},"end":{"line":58,"column":46}},"17":{"start":{"line":60,"column":0},"end":{"line":60,"column":28}},"18":{"start":{"line":62,"column":0},"end":{"line":62,"column":36}},"19":{"start":{"line":63,"column":0},"end":{"line":63,"column":25}}},"branchMap":{"1":{"line":12,"type":"if","locations":[{"start":{"line":12,"column":2},"end":{"line":12,"column":2}},{"start":{"line":12,"column":2},"end":{"line":12,"column":2}}]},"2":{"line":46,"type":"if","locations":[{"start":{"line":46,"column":0},"end":{"line":46,"column":0}},{"start":{"line":46,"column":0},"end":{"line":46,"column":0}}]}}},"/home/physikerwelt/git/ag-gipp/vmext/config/config.js":{"path":"/home/physikerwelt/git/ag-gipp/vmext/config/config.js","s":{"1":1,"2":1,"3":1,"4":1,"5":0},"b":{"1":[0,1]},"f":{},"fnMap":{},"statementMap":{"1":{"start":{"line":2,"column":0},"end":{"line":2,"column":32}},"2":{"start":{"line":3,"column":0},"end":{"line":3,"column":25}},"3":{"start":{"line":4,"column":0},"end":{"line":4,"column":79}},"4":{"start":{"line":5,"column":0},"end":{"line":7,"column":1}},"5":{"start":{"line":6,"column":2},"end":{"line":6,"column":55}}},"branchMap":{"1":{"line":5,"type":"if","locations":[{"start":{"line":5,"column":0},"end":{"line":5,"column":0}},{"start":{"line":5,"column":0},"end":{"line":5,"column":0}}]}}},"/home/physikerwelt/git/ag-gipp/vmext/testData.js":{"path":"/home/physikerwelt/git/ag-gipp/vmext/testData.js","s":{"1":1,"2":1,"3":1,"4":0,"5":1,"6":1,"7":1,"8":1},"b":{},"f":{},"fnMap":{},"statementMap":{"1":{"start":{"line":3,"column":0},"end":{"line":3,"column":29}},"2":{"start":{"line":4,"column":0},"end":{"line":4,"column":25}},"3":{"start":{"line":5,"column":0},"end":{"line":5,"column":56}},"4":{"start":{"line":5,"column":29},"end":{"line":5,"column":55}},"5":{"start":{"line":6,"column":0},"end":{"line":7,"column":24}},"6":{"start":{"line":8,"column":0},"end":{"line":9,"column":24}},"7":{"start":{"line":10,"column":0},"end":{"line":12,"column":2}},"8":{"start":{"line":13,"column":0},"end":{"line":13,"column":24}}},"branchMap":{}},"/home/physikerwelt/git/ag-gipp/vmext/routes/routes.js":{"path":"/home/physikerwelt/git/ag-gipp/vmext/routes/routes.js","s":{"1":1,"2":1,"3":1,"4":1,"5":1,"6":0,"7":1,"8":0,"9":1,"10":0,"11":1,"12":0,"13":0,"14":0,"15":0,"16":0,"17":0,"18":0},"b":{"1":[0,0]},"f":{},"fnMap":{},"statementMap":{"1":{"start":{"line":3,"column":0},"end":{"line":3,"column":35}},"2":{"start":{"line":4,"column":0},"end":{"line":4,"column":29}},"3":{"start":{"line":5,"column":0},"end":{"line":5,"column":70}},"4":{"start":{"line":6,"column":0},"end":{"line":6,"column":28}},"5":{"start":{"line":8,"column":0},"end":{"line":10,"column":3}},"6":{"start":{"line":9,"column":2},"end":{"line":9,"column":22}},"7":{"start":{"line":12,"column":0},"end":{"line":14,"column":3}},"8":{"start":{"line":13,"column":2},"end":{"line":13,"column":29}},"9":{"start":{"line":16,"column":0},"end":{"line":18,"column":3}},"10":{"start":{"line":17,"column":2},"end":{"line":17,"column":28}},"11":{"start":{"line":20,"column":0},"end":{"line":43,"column":3}},"12":{"start":{"line":21,"column":2},"end":{"line":21,"column":27}},"13":{"start":{"line":22,"column":2},"end":{"line":22,"column":35}},"14":{"start":{"line":23,"column":2},"end":{"line":42,"column":3}},"15":{"start":{"line":24,"column":4},"end":{"line":36,"column":7}},"16":{"start":{"line":29,"column":6},"end":{"line":33,"column":9}},"17":{"start":{"line":35,"column":6},"end":{"line":35,"column":85}},"18":{"start":{"line":38,"column":4},"end":{"line":41,"column":7}}},"branchMap":{"1":{"line":23,"type":"if","locations":[{"start":{"line":23,"column":2},"end":{"line":23,"column":2}},{"start":{"line":23,"column":2},"end":{"line":23,"column":2}}]}}},"/home/physikerwelt/git/ag-gipp/vmext/api/versions.js":{"path":"/home/physikerwelt/git/ag-gipp/vmext/api/versions.js","s":{"1":1,"2":1,"3":1},"b":{},"f":{},"fnMap":{},"statementMap":{"1":{"start":{"line":3,"column":0},"end":{"line":3,"column":35}},"2":{"start":{"line":4,"column":0},"end":{"line":4,"column":76}},"3":{"start":{"line":6,"column":0},"end":{"line":6,"column":53}}},"branchMap":{}},"/home/physikerwelt/git/ag-gipp/vmext/api/v1/APIv1Routes.js":{"path":"/home/physikerwelt/git/ag-gipp/vmext/api/v1/APIv1Routes.js","s":{"1":1,"2":1,"3":1},"b":{},"f":{},"fnMap":{},"statementMap":{"1":{"start":{"line":3,"column":0},"end":{"line":3,"column":35}},"2":{"start":{"line":4,"column":0},"end":{"line":4,"column":72}},"3":{"start":{"line":6,"column":0},"end":{"line":6,"column":68}}},"branchMap":{}},"/home/physikerwelt/git/ag-gipp/vmext/api/v1/routes/abstractSyntaxTreeRoutes.js":{"path":"/home/physikerwelt/git/ag-gipp/vmext/api/v1/routes/abstractSyntaxTreeRoutes.js","s":{"1":1,"2":1,"3":1,"4":1,"5":1,"6":1,"7":1,"8":1,"9":1,"10":1,"11":1,"12":1},"b":{},"f":{},"fnMap":{},"statementMap":{"1":{"start":{"line":3,"column":0},"end":{"line":3,"column":35}},"2":{"start":{"line":4,"column":0},"end":{"line":4,"column":73}},"3":{"start":{"line":5,"column":0},"end":{"line":5,"column":33}},"4":{"start":{"line":6,"column":0},"end":{"line":6,"column":24}},"5":{"start":{"line":7,"column":0},"end":{"line":7,"column":57}},"6":{"start":{"line":8,"column":0},"end":{"line":8,"column":76}},"7":{"start":{"line":81,"column":0},"end":{"line":105,"column":26}},"8":{"start":{"line":152,"column":0},"end":{"line":176,"column":36}},"9":{"start":{"line":230,"column":0},"end":{"line":268,"column":27}},"10":{"start":{"line":306,"column":0},"end":{"line":342,"column":42}},"11":{"start":{"line":389,"column":0},"end":{"line":425,"column":33}},"12":{"start":{"line":427,"column":0},"end":{"line":437,"column":27}}},"branchMap":{}},"/home/physikerwelt/git/ag-gipp/vmext/lib/RequestValidator/index.js":{"path":"/home/physikerwelt/git/ag-gipp/vmext/lib/RequestValidator/index.js","s":{"1":1,"2":1},"b":{},"f":{},"fnMap":{},"statementMap":{"1":{"start":{"line":3,"column":0},"end":{"line":3,"column":55}},"2":{"start":{"line":5,"column":0},"end":{"line":5,"column":34}}},"branchMap":{}},"/home/physikerwelt/git/ag-gipp/vmext/lib/RequestValidator/RequestValidator.js":{"path":"/home/physikerwelt/git/ag-gipp/vmext/lib/RequestValidator/RequestValidator.js","s":{"1":1,"2":1,"3":1,"4":1,"5":6,"6":10,"7":6,"8":4,"9":6,"10":4,"11":12,"12":4,"13":4,"14":0,"15":8,"16":0,"17":8,"18":0,"19":8,"20":4},"b":{"1":[6,4],"2":[10,10],"3":[10,6],"4":[4,8],"5":[0,8],"6":[0,8]},"f":{"1":6,"2":10,"3":6,"4":4},"fnMap":{"1":{"name":"(anonymous_1)","line":8,"loc":{"start":{"line":8,"column":20},"end":{"line":8,"column":27}}},"2":{"name":"(anonymous_2)","line":9,"loc":{"start":{"line":9,"column":11},"end":{"line":9,"column":36}}},"3":{"name":"(anonymous_3)","line":17,"loc":{"start":{"line":17,"column":20},"end":{"line":17,"column":29}}},"4":{"name":"(anonymous_4)","line":18,"loc":{"start":{"line":18,"column":11},"end":{"line":18,"column":36}}}},"statementMap":{"1":{"start":{"line":3,"column":0},"end":{"line":3,"column":51}},"2":{"start":{"line":4,"column":0},"end":{"line":4,"column":34}},"3":{"start":{"line":5,"column":0},"end":{"line":5,"column":29}},"4":{"start":{"line":7,"column":0},"end":{"line":39,"column":2}},"5":{"start":{"line":9,"column":4},"end":{"line":14,"column":6}},"6":{"start":{"line":10,"column":6},"end":{"line":12,"column":7}},"7":{"start":{"line":11,"column":8},"end":{"line":11,"column":86}},"8":{"start":{"line":13,"column":6},"end":{"line":13,"column":13}},"9":{"start":{"line":18,"column":4},"end":{"line":36,"column":6}},"10":{"start":{"line":19,"column":6},"end":{"line":34,"column":7}},"11":{"start":{"line":20,"column":8},"end":{"line":33,"column":9}},"12":{"start":{"line":21,"column":10},"end":{"line":25,"column":11}},"13":{"start":{"line":22,"column":12},"end":{"line":22,"column":86}},"14":{"start":{"line":24,"column":12},"end":{"line":24,"column":88}},"15":{"start":{"line":26,"column":15},"end":{"line":33,"column":9}},"16":{"start":{"line":27,"column":10},"end":{"line":27,"column":84}},"17":{"start":{"line":29,"column":10},"end":{"line":31,"column":11}},"18":{"start":{"line":30,"column":12},"end":{"line":30,"column":108}},"19":{"start":{"line":32,"column":10},"end":{"line":32,"column":49}},"20":{"start":{"line":35,"column":6},"end":{"line":35,"column":13}}},"branchMap":{"1":{"line":10,"type":"if","locations":[{"start":{"line":10,"column":6},"end":{"line":10,"column":6}},{"start":{"line":10,"column":6},"end":{"line":10,"column":6}}]},"2":{"line":10,"type":"binary-expr","locations":[{"start":{"line":10,"column":10},"end":{"line":10,"column":45}},{"start":{"line":10,"column":49},"end":{"line":10,"column":102}}]},"3":{"line":10,"type":"binary-expr","locations":[{"start":{"line":10,"column":50},"end":{"line":10,"column":77}},{"start":{"line":10,"column":81},"end":{"line":10,"column":83}}]},"4":{"line":20,"type":"if","locations":[{"start":{"line":20,"column":8},"end":{"line":20,"column":8}},{"start":{"line":20,"column":8},"end":{"line":20,"column":8}}]},"5":{"line":26,"type":"if","locations":[{"start":{"line":26,"column":15},"end":{"line":26,"column":15}},{"start":{"line":26,"column":15},"end":{"line":26,"column":15}}]},"6":{"line":29,"type":"if","locations":[{"start":{"line":29,"column":10},"end":{"line":29,"column":10}},{"start":{"line":29,"column":10},"end":{"line":29,"column":10}}]}}},"/home/physikerwelt/git/ag-gipp/vmext/lib/RequestValidator/TypeParsingMap.js":{"path":"/home/physikerwelt/git/ag-gipp/vmext/lib/RequestValidator/TypeParsingMap.js","s":{"1":1,"2":1,"3":1,"4":0,"5":0,"6":0,"7":3,"8":0,"9":0,"10":0,"11":0,"12":0,"13":1,"14":0,"15":0,"16":0,"17":0},"b":{"1":[0,0],"2":[0,0],"3":[0,0],"4":[0,0]},"f":{"1":0,"2":3,"3":0,"4":1,"5":0},"fnMap":{"1":{"name":"(anonymous_1)","line":7,"loc":{"start":{"line":7,"column":9},"end":{"line":7,"column":17}}},"2":{"name":"(anonymous_2)","line":14,"loc":{"start":{"line":14,"column":5},"end":{"line":14,"column":13}}},"3":{"name":"(anonymous_3)","line":17,"loc":{"start":{"line":17,"column":6},"end":{"line":17,"column":14}}},"4":{"name":"(anonymous_4)","line":25,"loc":{"start":{"line":25,"column":8},"end":{"line":25,"column":16}}},"5":{"name":"(anonymous_5)","line":28,"loc":{"start":{"line":28,"column":5},"end":{"line":28,"column":13}}}},"statementMap":{"1":{"start":{"line":3,"column":0},"end":{"line":3,"column":33}},"2":{"start":{"line":4,"column":0},"end":{"line":4,"column":35}},"3":{"start":{"line":6,"column":0},"end":{"line":34,"column":2}},"4":{"start":{"line":8,"column":4},"end":{"line":12,"column":5}},"5":{"start":{"line":9,"column":6},"end":{"line":9,"column":31}},"6":{"start":{"line":11,"column":6},"end":{"line":11,"column":30}},"7":{"start":{"line":15,"column":4},"end":{"line":15,"column":69}},"8":{"start":{"line":18,"column":4},"end":{"line":23,"column":5}},"9":{"start":{"line":19,"column":6},"end":{"line":19,"column":57}},"10":{"start":{"line":19,"column":30},"end":{"line":19,"column":55}},"11":{"start":{"line":20,"column":6},"end":{"line":20,"column":31}},"12":{"start":{"line":22,"column":6},"end":{"line":22,"column":31}},"13":{"start":{"line":26,"column":4},"end":{"line":26,"column":17}},"14":{"start":{"line":29,"column":4},"end":{"line":29,"column":28}},"15":{"start":{"line":30,"column":4},"end":{"line":30,"column":59}},"16":{"start":{"line":30,"column":32},"end":{"line":30,"column":57}},"17":{"start":{"line":31,"column":4},"end":{"line":31,"column":13}}},"branchMap":{"1":{"line":8,"type":"if","locations":[{"start":{"line":8,"column":4},"end":{"line":8,"column":4}},{"start":{"line":8,"column":4},"end":{"line":8,"column":4}}]},"2":{"line":8,"type":"binary-expr","locations":[{"start":{"line":8,"column":8},"end":{"line":8,"column":24}},{"start":{"line":8,"column":28},"end":{"line":8,"column":45}}]},"3":{"line":19,"type":"if","locations":[{"start":{"line":19,"column":6},"end":{"line":19,"column":6}},{"start":{"line":19,"column":6},"end":{"line":19,"column":6}}]},"4":{"line":30,"type":"if","locations":[{"start":{"line":30,"column":4},"end":{"line":30,"column":4}},{"start":{"line":30,"column":4},"end":{"line":30,"column":4}}]}}},"/home/physikerwelt/git/ag-gipp/vmext/api/v1/controller/AbstractSyntaxTreeController.js":{"path":"/home/physikerwelt/git/ag-gipp/vmext/api/v1/controller/AbstractSyntaxTreeController.js","s":{"1":1,"2":1,"3":1,"4":1,"5":1,"6":1,"7":1,"8":1,"9":0,"10":1,"11":1,"12":1,"13":1,"14":1,"15":0,"16":0,"17":0,"18":0,"19":0,"20":0,"21":0,"22":1,"23":1,"24":1,"25":0,"26":0,"27":0,"28":0,"29":0,"30":0,"31":0,"32":1,"33":0,"34":0,"35":0,"36":0,"37":0,"38":0,"39":0,"40":0,"41":0,"42":1,"43":0,"44":1},"b":{"1":[1,1],"2":[0,0]},"f":{},"fnMap":{},"statementMap":{"1":{"start":{"line":3,"column":0},"end":{"line":3,"column":43}},"2":{"start":{"line":4,"column":0},"end":{"line":4,"column":47}},"3":{"start":{"line":5,"column":0},"end":{"line":5,"column":55}},"4":{"start":{"line":6,"column":0},"end":{"line":6,"column":61}},"5":{"start":{"line":7,"column":0},"end":{"line":7,"column":43}},"6":{"start":{"line":8,"column":0},"end":{"line":8,"column":29}},"7":{"start":{"line":11,"column":0},"end":{"line":126,"column":2}},"8":{"start":{"line":13,"column":4},"end":{"line":22,"column":96}},"9":{"start":{"line":20,"column":8},"end":{"line":20,"column":22}},"10":{"start":{"line":22,"column":24},"end":{"line":22,"column":92}},"11":{"start":{"line":26,"column":4},"end":{"line":26,"column":54}},"12":{"start":{"line":27,"column":4},"end":{"line":57,"column":55}},"13":{"start":{"line":34,"column":8},"end":{"line":34,"column":40}},"14":{"start":{"line":35,"column":8},"end":{"line":35,"column":18}},"15":{"start":{"line":38,"column":8},"end":{"line":38,"column":49}},"16":{"start":{"line":39,"column":8},"end":{"line":41,"column":36}},"17":{"start":{"line":41,"column":12},"end":{"line":41,"column":34}},"18":{"start":{"line":42,"column":8},"end":{"line":45,"column":12}},"19":{"start":{"line":44,"column":12},"end":{"line":44,"column":34}},"20":{"start":{"line":46,"column":8},"end":{"line":55,"column":13}},"21":{"start":{"line":51,"column":12},"end":{"line":54,"column":15}},"22":{"start":{"line":57,"column":20},"end":{"line":57,"column":53}},"23":{"start":{"line":62,"column":4},"end":{"line":66,"column":9}},"24":{"start":{"line":67,"column":4},"end":{"line":86,"column":9}},"25":{"start":{"line":70,"column":8},"end":{"line":70,"column":58}},"26":{"start":{"line":71,"column":8},"end":{"line":71,"column":79}},"27":{"start":{"line":72,"column":8},"end":{"line":72,"column":67}},"28":{"start":{"line":72,"column":32},"end":{"line":72,"column":65}},"29":{"start":{"line":73,"column":8},"end":{"line":82,"column":11}},"30":{"start":{"line":77,"column":10},"end":{"line":81,"column":15}},"31":{"start":{"line":80,"column":14},"end":{"line":80,"column":40}},"32":{"start":{"line":85,"column":8},"end":{"line":85,"column":76}},"33":{"start":{"line":91,"column":6},"end":{"line":99,"column":62}},"34":{"start":{"line":95,"column":8},"end":{"line":95,"column":100}},"35":{"start":{"line":97,"column":8},"end":{"line":97,"column":42}},"36":{"start":{"line":99,"column":26},"end":{"line":99,"column":58}},"37":{"start":{"line":104,"column":6},"end":{"line":116,"column":62}},"38":{"start":{"line":108,"column":8},"end":{"line":108,"column":102}},"39":{"start":{"line":110,"column":8},"end":{"line":114,"column":13}},"40":{"start":{"line":113,"column":12},"end":{"line":113,"column":38}},"41":{"start":{"line":116,"column":26},"end":{"line":116,"column":58}},"42":{"start":{"line":121,"column":6},"end":{"line":124,"column":96}},"43":{"start":{"line":122,"column":8},"end":{"line":122,"column":26}},"44":{"start":{"line":124,"column":26},"end":{"line":124,"column":92}}},"branchMap":{"1":{"line":26,"type":"binary-expr","locations":[{"start":{"line":26,"column":19},"end":{"line":26,"column":46}},{"start":{"line":26,"column":50},"end":{"line":26,"column":53}}]},"2":{"line":70,"type":"binary-expr","locations":[{"start":{"line":70,"column":23},"end":{"line":70,"column":50}},{"start":{"line":70,"column":54},"end":{"line":70,"column":57}}]}}},"/home/physikerwelt/git/ag-gipp/vmext/lib/ASTParser/index.js":{"path":"/home/physikerwelt/git/ag-gipp/vmext/lib/ASTParser/index.js","s":{"1":1,"2":1},"b":{},"f":{},"fnMap":{},"statementMap":{"1":{"start":{"line":3,"column":0},"end":{"line":3,"column":41}},"2":{"start":{"line":5,"column":0},"end":{"line":5,"column":27}}},"branchMap":{}},"/home/physikerwelt/git/ag-gipp/vmext/lib/ASTParser/ASTParser.js":{"path":"/home/physikerwelt/git/ag-gipp/vmext/lib/ASTParser/ASTParser.js","s":{"1":1,"2":1,"3":1,"4":1,"5":1,"6":1,"7":0,"8":0,"9":0,"10":0,"11":0,"12":0,"13":1,"14":0,"15":0,"16":0,"17":0,"18":0,"19":0,"20":0,"21":0,"22":1,"23":0,"24":0,"25":0,"26":0,"27":0,"28":1,"29":0,"30":0,"31":0,"32":0,"33":0,"34":1,"35":0,"36":0,"37":0,"38":0,"39":0,"40":0,"41":0,"42":0,"43":0,"44":0,"45":1,"46":3,"47":3,"48":3,"49":6,"50":6,"51":6,"52":0,"53":0,"54":6,"55":3,"56":6,"57":3,"58":3,"59":3,"60":0,"61":3,"62":3,"63":3,"64":3,"65":3,"66":3,"67":3,"68":0,"69":0,"70":0,"71":0,"72":0,"73":0,"74":0,"75":0,"76":0,"77":0,"78":0,"79":0,"80":0,"81":0,"82":0,"83":0,"84":0,"85":0,"86":0,"87":0,"88":0,"89":0,"90":0,"91":0,"92":0,"93":0,"94":0,"95":0,"96":0,"97":0,"98":0,"99":0,"100":0,"101":0,"102":0,"103":0,"104":0,"105":0,"106":0,"107":0,"108":0,"109":0,"110":0,"111":0,"112":0,"113":0,"114":0,"115":0,"116":0,"117":0},"b":{"1":[0,0],"2":[0,0],"3":[0,0],"4":[0,0],"5":[0,0],"6":[0,0],"7":[0,0],"8":[0,0],"9":[0,0],"10":[0,0],"11":[0,0],"12":[0,0],"13":[0,6],"14":[6,6,3],"15":[3,3],"16":[3,0],"17":[3,0],"18":[0,0],"19":[0,0],"20":[0,0],"21":[0,0],"22":[0,0],"23":[0,0],"24":[0,0],"25":[0,0],"26":[0,0],"27":[0,0],"28":[0,0],"29":[0,0],"30":[0,0],"31":[0,0],"32":[0,0],"33":[0,0],"34":[0,0]},"f":{"1":0,"2":0,"3":0,"4":0,"5":0,"6":3,"7":6,"8":3,"9":3,"10":0,"11":0,"12":0,"13":0},"fnMap":{"1":{"name":"addTextLength","line":10,"loc":{"start":{"line":10,"column":0},"end":{"line":10,"column":39}}},"2":{"name":"getNodePos","line":22,"loc":{"start":{"line":22,"column":0},"end":{"line":22,"column":32}}},"3":{"name":"serialize","line":43,"loc":{"start":{"line":43,"column":0},"end":{"line":43,"column":28}}},"4":{"name":"extractPresentation","line":53,"loc":{"start":{"line":53,"column":0},"end":{"line":53,"column":40}}},"5":{"name":"attachInfo","line":63,"loc":{"start":{"line":63,"column":0},"end":{"line":63,"column":32}}},"6":{"name":"(anonymous_6)","line":80,"loc":{"start":{"line":80,"column":13},"end":{"line":80,"column":33}}},"7":{"name":"(anonymous_7)","line":90,"loc":{"start":{"line":90,"column":7},"end":{"line":90,"column":14}}},"8":{"name":"(anonymous_8)","line":103,"loc":{"start":{"line":103,"column":7},"end":{"line":103,"column":10}}},"9":{"name":"(anonymous_9)","line":116,"loc":{"start":{"line":116,"column":16},"end":{"line":116,"column":19}}},"10":{"name":"(anonymous_10)","line":129,"loc":{"start":{"line":129,"column":12},"end":{"line":129,"column":27}}},"11":{"name":"(anonymous_11)","line":190,"loc":{"start":{"line":190,"column":15},"end":{"line":190,"column":25}}},"12":{"name":"(anonymous_12)","line":229,"loc":{"start":{"line":229,"column":20},"end":{"line":229,"column":27}}},"13":{"name":"(anonymous_13)","line":237,"loc":{"start":{"line":237,"column":16},"end":{"line":237,"column":23}}}},"statementMap":{"1":{"start":{"line":3,"column":0},"end":{"line":3,"column":33}},"2":{"start":{"line":4,"column":0},"end":{"line":4,"column":31}},"3":{"start":{"line":5,"column":0},"end":{"line":5,"column":56}},"4":{"start":{"line":6,"column":0},"end":{"line":6,"column":40}},"5":{"start":{"line":7,"column":0},"end":{"line":7,"column":34}},"6":{"start":{"line":10,"column":0},"end":{"line":20,"column":1}},"7":{"start":{"line":11,"column":2},"end":{"line":11,"column":58}},"8":{"start":{"line":12,"column":2},"end":{"line":12,"column":31}},"9":{"start":{"line":13,"column":2},"end":{"line":13,"column":49}},"10":{"start":{"line":14,"column":2},"end":{"line":18,"column":3}},"11":{"start":{"line":15,"column":4},"end":{"line":15,"column":21}},"12":{"start":{"line":17,"column":4},"end":{"line":17,"column":22}},"13":{"start":{"line":22,"column":0},"end":{"line":40,"column":1}},"14":{"start":{"line":23,"column":2},"end":{"line":26,"column":4}},"15":{"start":{"line":27,"column":2},"end":{"line":37,"column":3}},"16":{"start":{"line":28,"column":4},"end":{"line":28,"column":34}},"17":{"start":{"line":29,"column":4},"end":{"line":36,"column":5}},"18":{"start":{"line":31,"column":6},"end":{"line":31,"column":49}},"19":{"start":{"line":34,"column":6},"end":{"line":34,"column":39}},"20":{"start":{"line":35,"column":6},"end":{"line":35,"column":41}},"21":{"start":{"line":39,"column":2},"end":{"line":39,"column":13}},"22":{"start":{"line":43,"column":0},"end":{"line":51,"column":1}},"23":{"start":{"line":44,"column":2},"end":{"line":49,"column":3}},"24":{"start":{"line":45,"column":4},"end":{"line":47,"column":5}},"25":{"start":{"line":46,"column":6},"end":{"line":46,"column":21}},"26":{"start":{"line":48,"column":4},"end":{"line":48,"column":55}},"27":{"start":{"line":50,"column":2},"end":{"line":50,"column":14}},"28":{"start":{"line":53,"column":0},"end":{"line":61,"column":1}},"29":{"start":{"line":54,"column":2},"end":{"line":54,"column":33}},"30":{"start":{"line":55,"column":2},"end":{"line":60,"column":3}},"31":{"start":{"line":56,"column":4},"end":{"line":58,"column":5}},"32":{"start":{"line":57,"column":6},"end":{"line":57,"column":53}},"33":{"start":{"line":59,"column":4},"end":{"line":59,"column":46}},"34":{"start":{"line":63,"column":0},"end":{"line":76,"column":1}},"35":{"start":{"line":64,"column":2},"end":{"line":64,"column":37}},"36":{"start":{"line":65,"column":2},"end":{"line":70,"column":3}},"37":{"start":{"line":66,"column":4},"end":{"line":66,"column":17}},"38":{"start":{"line":67,"column":4},"end":{"line":67,"column":35}},"39":{"start":{"line":68,"column":9},"end":{"line":70,"column":3}},"40":{"start":{"line":69,"column":4},"end":{"line":69,"column":31}},"41":{"start":{"line":71,"column":2},"end":{"line":71,"column":46}},"42":{"start":{"line":73,"column":2},"end":{"line":73,"column":48}},"43":{"start":{"line":74,"column":2},"end":{"line":74,"column":44}},"44":{"start":{"line":75,"column":2},"end":{"line":75,"column":14}},"45":{"start":{"line":78,"column":0},"end":{"line":242,"column":1}},"46":{"start":{"line":81,"column":4},"end":{"line":81,"column":31}},"47":{"start":{"line":82,"column":4},"end":{"line":82,"column":83}},"48":{"start":{"line":83,"column":4},"end":{"line":85,"column":16}},"49":{"start":{"line":91,"column":4},"end":{"line":99,"column":5}},"50":{"start":{"line":92,"column":6},"end":{"line":92,"column":39}},"51":{"start":{"line":93,"column":6},"end":{"line":98,"column":7}},"52":{"start":{"line":94,"column":8},"end":{"line":94,"column":32}},"53":{"start":{"line":95,"column":8},"end":{"line":95,"column":12}},"54":{"start":{"line":96,"column":13},"end":{"line":98,"column":7}},"55":{"start":{"line":97,"column":8},"end":{"line":97,"column":26}},"56":{"start":{"line":100,"column":4},"end":{"line":100,"column":16}},"57":{"start":{"line":104,"column":4},"end":{"line":113,"column":7}},"58":{"start":{"line":105,"column":6},"end":{"line":112,"column":7}},"59":{"start":{"line":106,"column":8},"end":{"line":106,"column":50}},"60":{"start":{"line":107,"column":8},"end":{"line":107,"column":29}},"61":{"start":{"line":110,"column":8},"end":{"line":110,"column":21}},"62":{"start":{"line":111,"column":8},"end":{"line":111,"column":18}},"63":{"start":{"line":117,"column":4},"end":{"line":117,"column":96}},"64":{"start":{"line":118,"column":4},"end":{"line":118,"column":107}},"65":{"start":{"line":119,"column":4},"end":{"line":125,"column":5}},"66":{"start":{"line":120,"column":6},"end":{"line":122,"column":7}},"67":{"start":{"line":121,"column":8},"end":{"line":121,"column":53}},"68":{"start":{"line":124,"column":6},"end":{"line":124,"column":61}},"69":{"start":{"line":126,"column":4},"end":{"line":126,"column":47}},"70":{"start":{"line":130,"column":4},"end":{"line":130,"column":57}},"71":{"start":{"line":132,"column":4},"end":{"line":132,"column":35}},"72":{"start":{"line":133,"column":4},"end":{"line":133,"column":52}},"73":{"start":{"line":134,"column":4},"end":{"line":134,"column":56}},"74":{"start":{"line":135,"column":4},"end":{"line":142,"column":5}},"75":{"start":{"line":136,"column":6},"end":{"line":136,"column":59}},"76":{"start":{"line":137,"column":11},"end":{"line":142,"column":5}},"77":{"start":{"line":138,"column":6},"end":{"line":138,"column":66}},"78":{"start":{"line":139,"column":6},"end":{"line":139,"column":74}},"79":{"start":{"line":141,"column":6},"end":{"line":141,"column":90}},"80":{"start":{"line":143,"column":4},"end":{"line":145,"column":5}},"81":{"start":{"line":144,"column":6},"end":{"line":144,"column":64}},"82":{"start":{"line":146,"column":4},"end":{"line":146,"column":40}},"83":{"start":{"line":147,"column":4},"end":{"line":149,"column":5}},"84":{"start":{"line":148,"column":6},"end":{"line":148,"column":35}},"85":{"start":{"line":150,"column":4},"end":{"line":154,"column":5}},"86":{"start":{"line":151,"column":6},"end":{"line":153,"column":7}},"87":{"start":{"line":152,"column":8},"end":{"line":152,"column":60}},"88":{"start":{"line":155,"column":4},"end":{"line":159,"column":5}},"89":{"start":{"line":156,"column":6},"end":{"line":158,"column":7}},"90":{"start":{"line":157,"column":8},"end":{"line":157,"column":47}},"91":{"start":{"line":173,"column":4},"end":{"line":173,"column":65}},"92":{"start":{"line":174,"column":4},"end":{"line":174,"column":76}},"93":{"start":{"line":175,"column":4},"end":{"line":187,"column":21}},"94":{"start":{"line":191,"column":4},"end":{"line":191,"column":19}},"95":{"start":{"line":192,"column":4},"end":{"line":194,"column":5}},"96":{"start":{"line":193,"column":6},"end":{"line":193,"column":38}},"97":{"start":{"line":195,"column":4},"end":{"line":195,"column":46}},"98":{"start":{"line":196,"column":4},"end":{"line":196,"column":49}},"99":{"start":{"line":198,"column":4},"end":{"line":198,"column":20}},"100":{"start":{"line":199,"column":4},"end":{"line":199,"column":32}},"101":{"start":{"line":200,"column":4},"end":{"line":211,"column":5}},"102":{"start":{"line":201,"column":6},"end":{"line":201,"column":51}},"103":{"start":{"line":202,"column":6},"end":{"line":202,"column":43}},"104":{"start":{"line":204,"column":6},"end":{"line":204,"column":48}},"105":{"start":{"line":205,"column":6},"end":{"line":205,"column":33}},"106":{"start":{"line":206,"column":6},"end":{"line":206,"column":59}},"107":{"start":{"line":207,"column":6},"end":{"line":209,"column":7}},"108":{"start":{"line":208,"column":8},"end":{"line":208,"column":92}},"109":{"start":{"line":210,"column":6},"end":{"line":210,"column":57}},"110":{"start":{"line":212,"column":4},"end":{"line":212,"column":35}},"111":{"start":{"line":215,"column":4},"end":{"line":215,"column":98}},"112":{"start":{"line":216,"column":4},"end":{"line":226,"column":16}},"113":{"start":{"line":230,"column":4},"end":{"line":230,"column":81}},"114":{"start":{"line":231,"column":4},"end":{"line":233,"column":5}},"115":{"start":{"line":232,"column":6},"end":{"line":232,"column":37}},"116":{"start":{"line":234,"column":4},"end":{"line":234,"column":31}},"117":{"start":{"line":238,"column":4},"end":{"line":238,"column":61}}},"branchMap":{"1":{"line":14,"type":"if","locations":[{"start":{"line":14,"column":2},"end":{"line":14,"column":2}},{"start":{"line":14,"column":2},"end":{"line":14,"column":2}}]},"2":{"line":27,"type":"if","locations":[{"start":{"line":27,"column":2},"end":{"line":27,"column":2}},{"start":{"line":27,"column":2},"end":{"line":27,"column":2}}]},"3":{"line":27,"type":"binary-expr","locations":[{"start":{"line":27,"column":6},"end":{"line":27,"column":13}},{"start":{"line":27,"column":17},"end":{"line":27,"column":34}}]},"4":{"line":29,"type":"if","locations":[{"start":{"line":29,"column":4},"end":{"line":29,"column":4}},{"start":{"line":29,"column":4},"end":{"line":29,"column":4}}]},"5":{"line":44,"type":"if","locations":[{"start":{"line":44,"column":2},"end":{"line":44,"column":2}},{"start":{"line":44,"column":2},"end":{"line":44,"column":2}}]},"6":{"line":45,"type":"if","locations":[{"start":{"line":45,"column":4},"end":{"line":45,"column":4}},{"start":{"line":45,"column":4},"end":{"line":45,"column":4}}]},"7":{"line":55,"type":"if","locations":[{"start":{"line":55,"column":2},"end":{"line":55,"column":2}},{"start":{"line":55,"column":2},"end":{"line":55,"column":2}}]},"8":{"line":55,"type":"binary-expr","locations":[{"start":{"line":55,"column":6},"end":{"line":55,"column":18}},{"start":{"line":55,"column":22},"end":{"line":55,"column":54}}]},"9":{"line":56,"type":"if","locations":[{"start":{"line":56,"column":4},"end":{"line":56,"column":4}},{"start":{"line":56,"column":4},"end":{"line":56,"column":4}}]},"10":{"line":56,"type":"binary-expr","locations":[{"start":{"line":56,"column":8},"end":{"line":56,"column":22}},{"start":{"line":56,"column":26},"end":{"line":56,"column":49}}]},"11":{"line":65,"type":"if","locations":[{"start":{"line":65,"column":2},"end":{"line":65,"column":2}},{"start":{"line":65,"column":2},"end":{"line":65,"column":2}}]},"12":{"line":68,"type":"if","locations":[{"start":{"line":68,"column":9},"end":{"line":68,"column":9}},{"start":{"line":68,"column":9},"end":{"line":68,"column":9}}]},"13":{"line":93,"type":"if","locations":[{"start":{"line":93,"column":6},"end":{"line":93,"column":6}},{"start":{"line":93,"column":6},"end":{"line":93,"column":6}}]},"14":{"line":93,"type":"binary-expr","locations":[{"start":{"line":93,"column":10},"end":{"line":93,"column":30}},{"start":{"line":93,"column":35},"end":{"line":93,"column":55}},{"start":{"line":93,"column":59},"end":{"line":93,"column":86}}]},"15":{"line":96,"type":"if","locations":[{"start":{"line":96,"column":13},"end":{"line":96,"column":13}},{"start":{"line":96,"column":13},"end":{"line":96,"column":13}}]},"16":{"line":119,"type":"if","locations":[{"start":{"line":119,"column":4},"end":{"line":119,"column":4}},{"start":{"line":119,"column":4},"end":{"line":119,"column":4}}]},"17":{"line":120,"type":"if","locations":[{"start":{"line":120,"column":6},"end":{"line":120,"column":6}},{"start":{"line":120,"column":6},"end":{"line":120,"column":6}}]},"18":{"line":135,"type":"if","locations":[{"start":{"line":135,"column":4},"end":{"line":135,"column":4}},{"start":{"line":135,"column":4},"end":{"line":135,"column":4}}]},"19":{"line":137,"type":"if","locations":[{"start":{"line":137,"column":11},"end":{"line":137,"column":11}},{"start":{"line":137,"column":11},"end":{"line":137,"column":11}}]},"20":{"line":143,"type":"if","locations":[{"start":{"line":143,"column":4},"end":{"line":143,"column":4}},{"start":{"line":143,"column":4},"end":{"line":143,"column":4}}]},"21":{"line":147,"type":"if","locations":[{"start":{"line":147,"column":4},"end":{"line":147,"column":4}},{"start":{"line":147,"column":4},"end":{"line":147,"column":4}}]},"22":{"line":150,"type":"if","locations":[{"start":{"line":150,"column":4},"end":{"line":150,"column":4}},{"start":{"line":150,"column":4},"end":{"line":150,"column":4}}]},"23":{"line":155,"type":"if","locations":[{"start":{"line":155,"column":4},"end":{"line":155,"column":4}},{"start":{"line":155,"column":4},"end":{"line":155,"column":4}}]},"24":{"line":174,"type":"cond-expr","locations":[{"start":{"line":174,"column":38},"end":{"line":174,"column":67}},{"start":{"line":174,"column":70},"end":{"line":174,"column":75}}]},"25":{"line":184,"type":"binary-expr","locations":[{"start":{"line":184,"column":17},"end":{"line":184,"column":37}},{"start":{"line":184,"column":41},"end":{"line":184,"column":46}}]},"26":{"line":185,"type":"binary-expr","locations":[{"start":{"line":185,"column":21},"end":{"line":185,"column":45}},{"start":{"line":185,"column":49},"end":{"line":185,"column":54}}]},"27":{"line":192,"type":"if","locations":[{"start":{"line":192,"column":4},"end":{"line":192,"column":4}},{"start":{"line":192,"column":4},"end":{"line":192,"column":4}}]},"28":{"line":200,"type":"if","locations":[{"start":{"line":200,"column":4},"end":{"line":200,"column":4}},{"start":{"line":200,"column":4},"end":{"line":200,"column":4}}]},"29":{"line":207,"type":"if","locations":[{"start":{"line":207,"column":6},"end":{"line":207,"column":6}},{"start":{"line":207,"column":6},"end":{"line":207,"column":6}}]},"30":{"line":215,"type":"cond-expr","locations":[{"start":{"line":215,"column":65},"end":{"line":215,"column":78}},{"start":{"line":215,"column":81},"end":{"line":215,"column":97}}]},"31":{"line":221,"type":"binary-expr","locations":[{"start":{"line":221,"column":23},"end":{"line":221,"column":27}},{"start":{"line":221,"column":31},"end":{"line":221,"column":41}}]},"32":{"line":223,"type":"binary-expr","locations":[{"start":{"line":223,"column":17},"end":{"line":223,"column":32}},{"start":{"line":223,"column":36},"end":{"line":223,"column":41}}]},"33":{"line":224,"type":"binary-expr","locations":[{"start":{"line":224,"column":21},"end":{"line":224,"column":40}},{"start":{"line":224,"column":44},"end":{"line":224,"column":49}}]},"34":{"line":231,"type":"if","locations":[{"start":{"line":231,"column":4},"end":{"line":231,"column":4}},{"start":{"line":231,"column":4},"end":{"line":231,"column":4}}]}}},"/home/physikerwelt/git/ag-gipp/vmext/lib/ASTRenderer/index.js":{"path":"/home/physikerwelt/git/ag-gipp/vmext/lib/ASTRenderer/index.js","s":{"1":1,"2":1,"3":1},"b":{},"f":{},"fnMap":{},"statementMap":{"1":{"start":{"line":3,"column":0},"end":{"line":3,"column":45}},"2":{"start":{"line":4,"column":0},"end":{"line":4,"column":49}},"3":{"start":{"line":6,"column":0},"end":{"line":9,"column":2}}},"branchMap":{}},"/home/physikerwelt/git/ag-gipp/vmext/lib/ASTRenderer/SimpleRenderer.js":{"path":"/home/physikerwelt/git/ag-gipp/vmext/lib/ASTRenderer/SimpleRenderer.js","s":{"1":1,"2":1,"3":1,"4":1,"5":1,"6":1,"7":1,"8":1,"9":1,"10":0,"11":0,"12":0,"13":0,"14":0,"15":0,"16":0,"17":0,"18":0,"19":0,"20":0,"21":0,"22":0,"23":0,"24":0,"25":0,"26":0,"27":0,"28":0,"29":0,"30":0,"31":0,"32":0,"33":0,"34":0,"35":0,"36":0,"37":0,"38":0,"39":0,"40":0,"41":0,"42":0,"43":0,"44":0,"45":0,"46":0,"47":0,"48":0,"49":0,"50":0,"51":0,"52":0,"53":0,"54":0,"55":0,"56":0,"57":0,"58":0,"59":0,"60":0,"61":0,"62":0,"63":0},"b":{"1":[0,0],"2":[0,0],"3":[0,0],"4":[0,0],"5":[0,0],"6":[0,0],"7":[0,0]},"f":{"1":0,"2":0,"3":0,"4":0,"5":0,"6":0},"fnMap":{"1":{"name":"(anonymous_1)","line":13,"loc":{"start":{"line":13,"column":13},"end":{"line":13,"column":16}}},"2":{"name":"(anonymous_2)","line":51,"loc":{"start":{"line":51,"column":36},"end":{"line":51,"column":45}}},"3":{"name":"(anonymous_3)","line":69,"loc":{"start":{"line":69,"column":8},"end":{"line":69,"column":34}}},"4":{"name":"(anonymous_4)","line":159,"loc":{"start":{"line":159,"column":16},"end":{"line":159,"column":28}}},"5":{"name":"(anonymous_5)","line":188,"loc":{"start":{"line":188,"column":19},"end":{"line":188,"column":31}}},"6":{"name":"(anonymous_6)","line":196,"loc":{"start":{"line":196,"column":9},"end":{"line":196,"column":12}}}},"statementMap":{"1":{"start":{"line":3,"column":0},"end":{"line":3,"column":29}},"2":{"start":{"line":4,"column":0},"end":{"line":4,"column":25}},"3":{"start":{"line":5,"column":0},"end":{"line":5,"column":31}},"4":{"start":{"line":6,"column":0},"end":{"line":6,"column":35}},"5":{"start":{"line":7,"column":0},"end":{"line":7,"column":25}},"6":{"start":{"line":8,"column":0},"end":{"line":8,"column":55}},"7":{"start":{"line":9,"column":0},"end":{"line":9,"column":78}},"8":{"start":{"line":10,"column":0},"end":{"line":10,"column":79}},"9":{"start":{"line":12,"column":0},"end":{"line":200,"column":2}},"10":{"start":{"line":14,"column":4},"end":{"line":19,"column":6}},"11":{"start":{"line":20,"column":4},"end":{"line":27,"column":6}},"12":{"start":{"line":28,"column":4},"end":{"line":28,"column":109}},"13":{"start":{"line":29,"column":4},"end":{"line":29,"column":111}},"14":{"start":{"line":31,"column":4},"end":{"line":41,"column":7}},"15":{"start":{"line":32,"column":6},"end":{"line":40,"column":9}},"16":{"start":{"line":36,"column":10},"end":{"line":36,"column":45}},"17":{"start":{"line":36,"column":26},"end":{"line":36,"column":43}},"18":{"start":{"line":37,"column":10},"end":{"line":37,"column":49}},"19":{"start":{"line":38,"column":10},"end":{"line":38,"column":26}},"20":{"start":{"line":43,"column":4},"end":{"line":48,"column":7}},"21":{"start":{"line":44,"column":6},"end":{"line":47,"column":8}},"22":{"start":{"line":52,"column":4},"end":{"line":59,"column":51}},"23":{"start":{"line":61,"column":4},"end":{"line":61,"column":40}},"24":{"start":{"line":62,"column":4},"end":{"line":62,"column":74}},"25":{"start":{"line":64,"column":4},"end":{"line":66,"column":100}},"26":{"start":{"line":70,"column":4},"end":{"line":185,"column":7}},"27":{"start":{"line":71,"column":6},"end":{"line":71,"column":35}},"28":{"start":{"line":74,"column":6},"end":{"line":74,"column":90}},"29":{"start":{"line":75,"column":6},"end":{"line":76,"column":48}},"30":{"start":{"line":79,"column":6},"end":{"line":79,"column":37}},"31":{"start":{"line":82,"column":6},"end":{"line":82,"column":29}},"32":{"start":{"line":84,"column":6},"end":{"line":108,"column":7}},"33":{"start":{"line":85,"column":8},"end":{"line":87,"column":35}},"34":{"start":{"line":89,"column":8},"end":{"line":93,"column":28}},"35":{"start":{"line":95,"column":8},"end":{"line":107,"column":10}},"36":{"start":{"line":97,"column":12},"end":{"line":97,"column":69}},"37":{"start":{"line":98,"column":12},"end":{"line":102,"column":35}},"38":{"start":{"line":105,"column":14},"end":{"line":105,"column":35}},"39":{"start":{"line":109,"column":6},"end":{"line":113,"column":30}},"40":{"start":{"line":111,"column":10},"end":{"line":111,"column":74}},"41":{"start":{"line":115,"column":6},"end":{"line":119,"column":39}},"42":{"start":{"line":122,"column":6},"end":{"line":124,"column":104}},"43":{"start":{"line":125,"column":6},"end":{"line":129,"column":23}},"44":{"start":{"line":130,"column":6},"end":{"line":135,"column":31}},"45":{"start":{"line":138,"column":6},"end":{"line":147,"column":11}},"46":{"start":{"line":143,"column":10},"end":{"line":146,"column":50}},"47":{"start":{"line":150,"column":6},"end":{"line":156,"column":56}},"48":{"start":{"line":153,"column":28},"end":{"line":153,"column":85}},"49":{"start":{"line":154,"column":35},"end":{"line":154,"column":62}},"50":{"start":{"line":155,"column":32},"end":{"line":155,"column":58}},"51":{"start":{"line":156,"column":32},"end":{"line":156,"column":54}},"52":{"start":{"line":159,"column":6},"end":{"line":181,"column":9}},"53":{"start":{"line":160,"column":8},"end":{"line":180,"column":10}},"54":{"start":{"line":162,"column":12},"end":{"line":162,"column":62}},"55":{"start":{"line":163,"column":12},"end":{"line":163,"column":80}},"56":{"start":{"line":164,"column":12},"end":{"line":164,"column":83}},"57":{"start":{"line":167,"column":12},"end":{"line":172,"column":85}},"58":{"start":{"line":175,"column":12},"end":{"line":178,"column":28}},"59":{"start":{"line":182,"column":6},"end":{"line":184,"column":9}},"60":{"start":{"line":183,"column":8},"end":{"line":183,"column":53}},"61":{"start":{"line":189,"column":4},"end":{"line":189,"column":38}},"62":{"start":{"line":190,"column":4},"end":{"line":193,"column":6}},"63":{"start":{"line":197,"column":4},"end":{"line":198,"column":90}}},"branchMap":{"1":{"line":36,"type":"if","locations":[{"start":{"line":36,"column":10},"end":{"line":36,"column":10}},{"start":{"line":36,"column":10},"end":{"line":36,"column":10}}]},"2":{"line":74,"type":"cond-expr","locations":[{"start":{"line":74,"column":40},"end":{"line":74,"column":66}},{"start":{"line":74,"column":69},"end":{"line":74,"column":89}}]},"3":{"line":84,"type":"if","locations":[{"start":{"line":84,"column":6},"end":{"line":84,"column":6}},{"start":{"line":84,"column":6},"end":{"line":84,"column":6}}]},"4":{"line":111,"type":"cond-expr","locations":[{"start":{"line":111,"column":33},"end":{"line":111,"column":54}},{"start":{"line":111,"column":57},"end":{"line":111,"column":73}}]},"5":{"line":153,"type":"cond-expr","locations":[{"start":{"line":153,"column":51},"end":{"line":153,"column":68}},{"start":{"line":153,"column":71},"end":{"line":153,"column":84}}]},"6":{"line":163,"type":"cond-expr","locations":[{"start":{"line":163,"column":57},"end":{"line":163,"column":74}},{"start":{"line":163,"column":77},"end":{"line":163,"column":79}}]},"7":{"line":164,"type":"cond-expr","locations":[{"start":{"line":164,"column":59},"end":{"line":164,"column":77}},{"start":{"line":164,"column":80},"end":{"line":164,"column":82}}]}}},"/home/physikerwelt/git/ag-gipp/vmext/lib/MathJaxRenderer/index.js":{"path":"/home/physikerwelt/git/ag-gipp/vmext/lib/MathJaxRenderer/index.js","s":{"1":1,"2":1},"b":{},"f":{},"fnMap":{},"statementMap":{"1":{"start":{"line":3,"column":0},"end":{"line":3,"column":53}},"2":{"start":{"line":5,"column":0},"end":{"line":5,"column":33}}},"branchMap":{}},"/home/physikerwelt/git/ag-gipp/vmext/lib/MathJaxRenderer/MathJaxRenderer.js":{"path":"/home/physikerwelt/git/ag-gipp/vmext/lib/MathJaxRenderer/MathJaxRenderer.js","s":{"1":1,"2":1,"3":1,"4":1,"5":1,"6":1,"7":2,"8":2,"9":0,"10":2,"11":2},"b":{"1":[1,1],"2":[2,1,1]},"f":{"1":1},"fnMap":{"1":{"name":"toMML","line":12,"loc":{"start":{"line":12,"column":4},"end":{"line":12,"column":24}}}},"statementMap":{"1":{"start":{"line":3,"column":0},"end":{"line":3,"column":29}},"2":{"start":{"line":4,"column":0},"end":{"line":4,"column":46}},"3":{"start":{"line":5,"column":0},"end":{"line":5,"column":39}},"4":{"start":{"line":7,"column":0},"end":{"line":31,"column":2}},"5":{"start":{"line":12,"column":4},"end":{"line":14,"column":5}},"6":{"start":{"line":13,"column":6},"end":{"line":13,"column":119}},"7":{"start":{"line":16,"column":4},"end":{"line":16,"column":79}},"8":{"start":{"line":17,"column":4},"end":{"line":29,"column":8}},"9":{"start":{"line":24,"column":19},"end":{"line":24,"column":27}},"10":{"start":{"line":26,"column":8},"end":{"line":26,"column":59}},"11":{"start":{"line":27,"column":8},"end":{"line":27,"column":18}}},"branchMap":{"1":{"line":16,"type":"cond-expr","locations":[{"start":{"line":16,"column":62},"end":{"line":16,"column":65}},{"start":{"line":16,"column":68},"end":{"line":16,"column":78}}]},"2":{"line":16,"type":"binary-expr","locations":[{"start":{"line":16,"column":19},"end":{"line":16,"column":22}},{"start":{"line":16,"column":26},"end":{"line":16,"column":50}},{"start":{"line":16,"column":54},"end":{"line":16,"column":59}}]}}},"/home/physikerwelt/git/ag-gipp/vmext/lib/ASTRenderer/GraphRenderer.js":{"path":"/home/physikerwelt/git/ag-gipp/vmext/lib/ASTRenderer/GraphRenderer.js","s":{"1":1,"2":1,"3":1,"4":1,"5":1,"6":0,"7":0,"8":0,"9":0,"10":0,"11":0,"12":0,"13":0,"14":0,"15":0,"16":0,"17":0,"18":0,"19":0,"20":0,"21":0,"22":0,"23":0,"24":0,"25":0,"26":0,"27":0,"28":0,"29":0,"30":0,"31":0,"32":0,"33":0,"34":0,"35":0,"36":0,"37":0,"38":0,"39":0,"40":0,"41":0,"42":0,"43":0,"44":0,"45":0,"46":0,"47":0,"48":0,"49":0,"50":0,"51":0,"52":0,"53":0,"54":0,"55":0,"56":0,"57":0,"58":0,"59":0,"60":0,"61":0,"62":0,"63":0,"64":0,"65":0,"66":0,"67":0,"68":0,"69":0,"70":0,"71":0,"72":0,"73":0,"74":0,"75":0,"76":0,"77":0,"78":0,"79":0,"80":0,"81":0,"82":0,"83":0,"84":0,"85":0,"86":0,"87":0,"88":0,"89":0,"90":0,"91":0,"92":0,"93":0,"94":0,"95":0,"96":0,"97":0,"98":0,"99":0,"100":0,"101":0,"102":0,"103":0,"104":0,"105":0,"106":0,"107":0,"108":0,"109":0,"110":0,"111":0,"112":0,"113":0,"114":0,"115":0,"116":0,"117":0,"118":0,"119":0,"120":0},"b":{"1":[0,0],"2":[0,0],"3":[0,0],"4":[0,0],"5":[0,0],"6":[0,0],"7":[0,0],"8":[0,0],"9":[0,0],"10":[0,0],"11":[0,0],"12":[0,0],"13":[0,0],"14":[0,0],"15":[0,0],"16":[0,0],"17":[0,0],"18":[0,0],"19":[0,0]},"f":{"1":0,"2":0,"3":0,"4":0,"5":0,"6":0,"7":0,"8":0,"9":0,"10":0},"fnMap":{"1":{"name":"(anonymous_1)","line":16,"loc":{"start":{"line":16,"column":13},"end":{"line":16,"column":58}}},"2":{"name":"(anonymous_2)","line":28,"loc":{"start":{"line":28,"column":18},"end":{"line":28,"column":27}}},"3":{"name":"(anonymous_3)","line":45,"loc":{"start":{"line":45,"column":8},"end":{"line":45,"column":11}}},"4":{"name":"(anonymous_4)","line":66,"loc":{"start":{"line":66,"column":10},"end":{"line":66,"column":13}}},"5":{"name":"(anonymous_5)","line":73,"loc":{"start":{"line":73,"column":14},"end":{"line":73,"column":19}}},"6":{"name":"(anonymous_6)","line":113,"loc":{"start":{"line":113,"column":24},"end":{"line":113,"column":29}}},"7":{"name":"(anonymous_7)","line":147,"loc":{"start":{"line":147,"column":26},"end":{"line":147,"column":31}}},"8":{"name":"(anonymous_8)","line":198,"loc":{"start":{"line":198,"column":27},"end":{"line":198,"column":32}}},"9":{"name":"(anonymous_9)","line":249,"loc":{"start":{"line":249,"column":10},"end":{"line":249,"column":26}}},"10":{"name":"(anonymous_10)","line":316,"loc":{"start":{"line":316,"column":17},"end":{"line":316,"column":32}}}},"statementMap":{"1":{"start":{"line":3,"column":0},"end":{"line":3,"column":39}},"2":{"start":{"line":4,"column":0},"end":{"line":4,"column":55}},"3":{"start":{"line":5,"column":0},"end":{"line":5,"column":43}},"4":{"start":{"line":6,"column":0},"end":{"line":6,"column":34}},"5":{"start":{"line":9,"column":0},"end":{"line":332,"column":2}},"6":{"start":{"line":17,"column":4},"end":{"line":17,"column":23}},"7":{"start":{"line":18,"column":4},"end":{"line":18,"column":22}},"8":{"start":{"line":19,"column":4},"end":{"line":19,"column":22}},"9":{"start":{"line":20,"column":4},"end":{"line":20,"column":37}},"10":{"start":{"line":29,"column":4},"end":{"line":29,"column":38}},"11":{"start":{"line":30,"column":4},"end":{"line":32,"column":7}},"12":{"start":{"line":33,"column":4},"end":{"line":35,"column":7}},"13":{"start":{"line":34,"column":6},"end":{"line":34,"column":32}},"14":{"start":{"line":36,"column":4},"end":{"line":38,"column":7}},"15":{"start":{"line":37,"column":6},"end":{"line":37,"column":37}},"16":{"start":{"line":46,"column":4},"end":{"line":49,"column":6}},"17":{"start":{"line":50,"column":4},"end":{"line":50,"column":44}},"18":{"start":{"line":52,"column":4},"end":{"line":63,"column":7}},"19":{"start":{"line":53,"column":6},"end":{"line":55,"column":9}},"20":{"start":{"line":57,"column":6},"end":{"line":57,"column":40}},"21":{"start":{"line":58,"column":6},"end":{"line":58,"column":38}},"22":{"start":{"line":59,"column":6},"end":{"line":59,"column":41}},"23":{"start":{"line":60,"column":6},"end":{"line":60,"column":35}},"24":{"start":{"line":62,"column":6},"end":{"line":62,"column":37}},"25":{"start":{"line":67,"column":4},"end":{"line":67,"column":25}},"26":{"start":{"line":74,"column":4},"end":{"line":105,"column":7}},"27":{"start":{"line":75,"column":6},"end":{"line":104,"column":9}},"28":{"start":{"line":76,"column":8},"end":{"line":76,"column":112}},"29":{"start":{"line":77,"column":8},"end":{"line":86,"column":9}},"30":{"start":{"line":78,"column":10},"end":{"line":80,"column":11}},"31":{"start":{"line":79,"column":12},"end":{"line":79,"column":31}},"32":{"start":{"line":81,"column":10},"end":{"line":81,"column":63}},"33":{"start":{"line":82,"column":10},"end":{"line":82,"column":96}},"34":{"start":{"line":83,"column":10},"end":{"line":83,"column":88}},"35":{"start":{"line":84,"column":10},"end":{"line":84,"column":90}},"36":{"start":{"line":85,"column":10},"end":{"line":85,"column":29}},"37":{"start":{"line":87,"column":8},"end":{"line":98,"column":13}},"38":{"start":{"line":89,"column":12},"end":{"line":89,"column":93}},"39":{"start":{"line":90,"column":12},"end":{"line":90,"column":46}},"40":{"start":{"line":91,"column":12},"end":{"line":97,"column":13}},"41":{"start":{"line":92,"column":14},"end":{"line":96,"column":19}},"42":{"start":{"line":94,"column":18},"end":{"line":94,"column":105}},"43":{"start":{"line":95,"column":18},"end":{"line":95,"column":55}},"44":{"start":{"line":100,"column":8},"end":{"line":100,"column":20}},"45":{"start":{"line":102,"column":8},"end":{"line":102,"column":23}},"46":{"start":{"line":103,"column":8},"end":{"line":103,"column":19}},"47":{"start":{"line":114,"column":4},"end":{"line":139,"column":7}},"48":{"start":{"line":115,"column":6},"end":{"line":115,"column":56}},"49":{"start":{"line":116,"column":6},"end":{"line":116,"column":56}},"50":{"start":{"line":118,"column":6},"end":{"line":118,"column":90}},"51":{"start":{"line":118,"column":61},"end":{"line":118,"column":88}},"52":{"start":{"line":119,"column":6},"end":{"line":119,"column":90}},"53":{"start":{"line":119,"column":61},"end":{"line":119,"column":88}},"54":{"start":{"line":121,"column":6},"end":{"line":121,"column":80}},"55":{"start":{"line":123,"column":6},"end":{"line":130,"column":9}},"56":{"start":{"line":132,"column":6},"end":{"line":134,"column":41}},"57":{"start":{"line":136,"column":6},"end":{"line":138,"column":41}},"58":{"start":{"line":148,"column":4},"end":{"line":190,"column":7}},"59":{"start":{"line":150,"column":6},"end":{"line":150,"column":56}},"60":{"start":{"line":151,"column":6},"end":{"line":151,"column":56}},"61":{"start":{"line":153,"column":6},"end":{"line":153,"column":73}},"62":{"start":{"line":155,"column":6},"end":{"line":155,"column":80}},"63":{"start":{"line":157,"column":6},"end":{"line":157,"column":57}},"64":{"start":{"line":158,"column":6},"end":{"line":158,"column":57}},"65":{"start":{"line":161,"column":6},"end":{"line":161,"column":60}},"66":{"start":{"line":161,"column":48},"end":{"line":161,"column":58}},"67":{"start":{"line":162,"column":6},"end":{"line":162,"column":43}},"68":{"start":{"line":164,"column":6},"end":{"line":164,"column":46}},"69":{"start":{"line":166,"column":6},"end":{"line":166,"column":48}},"70":{"start":{"line":167,"column":6},"end":{"line":167,"column":55}},"71":{"start":{"line":167,"column":24},"end":{"line":167,"column":53}},"72":{"start":{"line":170,"column":6},"end":{"line":178,"column":7}},"73":{"start":{"line":171,"column":8},"end":{"line":177,"column":12}},"74":{"start":{"line":181,"column":6},"end":{"line":189,"column":7}},"75":{"start":{"line":182,"column":8},"end":{"line":188,"column":12}},"76":{"start":{"line":200,"column":4},"end":{"line":200,"column":39}},"77":{"start":{"line":202,"column":4},"end":{"line":202,"column":38}},"78":{"start":{"line":203,"column":4},"end":{"line":203,"column":41}},"79":{"start":{"line":205,"column":4},"end":{"line":234,"column":5}},"80":{"start":{"line":206,"column":6},"end":{"line":206,"column":30}},"81":{"start":{"line":207,"column":6},"end":{"line":207,"column":26}},"82":{"start":{"line":208,"column":6},"end":{"line":208,"column":32}},"83":{"start":{"line":209,"column":6},"end":{"line":233,"column":7}},"84":{"start":{"line":212,"column":8},"end":{"line":214,"column":9}},"85":{"start":{"line":213,"column":10},"end":{"line":213,"column":16}},"86":{"start":{"line":216,"column":8},"end":{"line":216,"column":55}},"87":{"start":{"line":219,"column":8},"end":{"line":219,"column":75}},"88":{"start":{"line":221,"column":8},"end":{"line":221,"column":66}},"89":{"start":{"line":223,"column":8},"end":{"line":229,"column":9}},"90":{"start":{"line":225,"column":10},"end":{"line":225,"column":69}},"91":{"start":{"line":225,"column":26},"end":{"line":225,"column":67}},"92":{"start":{"line":227,"column":10},"end":{"line":227,"column":44}},"93":{"start":{"line":228,"column":10},"end":{"line":228,"column":47}},"94":{"start":{"line":231,"column":8},"end":{"line":231,"column":27}},"95":{"start":{"line":232,"column":8},"end":{"line":232,"column":66}},"96":{"start":{"line":236,"column":4},"end":{"line":242,"column":7}},"97":{"start":{"line":237,"column":6},"end":{"line":237,"column":38}},"98":{"start":{"line":238,"column":6},"end":{"line":241,"column":7}},"99":{"start":{"line":239,"column":8},"end":{"line":239,"column":31}},"100":{"start":{"line":240,"column":8},"end":{"line":240,"column":32}},"101":{"start":{"line":250,"column":4},"end":{"line":297,"column":7}},"102":{"start":{"line":251,"column":6},"end":{"line":251,"column":27}},"103":{"start":{"line":253,"column":6},"end":{"line":295,"column":7}},"104":{"start":{"line":254,"column":8},"end":{"line":254,"column":38}},"105":{"start":{"line":255,"column":8},"end":{"line":255,"column":60}},"106":{"start":{"line":257,"column":8},"end":{"line":257,"column":27}},"107":{"start":{"line":258,"column":8},"end":{"line":258,"column":73}},"108":{"start":{"line":258,"column":30},"end":{"line":258,"column":71}},"109":{"start":{"line":259,"column":8},"end":{"line":259,"column":72}},"110":{"start":{"line":259,"column":44},"end":{"line":259,"column":70}},"111":{"start":{"line":261,"column":8},"end":{"line":276,"column":11}},"112":{"start":{"line":278,"column":8},"end":{"line":294,"column":9}},"113":{"start":{"line":279,"column":10},"end":{"line":293,"column":13}},"114":{"start":{"line":280,"column":12},"end":{"line":280,"column":60}},"115":{"start":{"line":281,"column":12},"end":{"line":289,"column":15}},"116":{"start":{"line":292,"column":12},"end":{"line":292,"column":30}},"117":{"start":{"line":296,"column":6},"end":{"line":296,"column":16}},"118":{"start":{"line":317,"column":4},"end":{"line":330,"column":7}},"119":{"start":{"line":318,"column":6},"end":{"line":329,"column":9}},"120":{"start":{"line":319,"column":8},"end":{"line":328,"column":11}}},"branchMap":{"1":{"line":76,"type":"cond-expr","locations":[{"start":{"line":76,"column":51},"end":{"line":76,"column":81}},{"start":{"line":76,"column":84},"end":{"line":76,"column":111}}]},"2":{"line":77,"type":"if","locations":[{"start":{"line":77,"column":8},"end":{"line":77,"column":8}},{"start":{"line":77,"column":8},"end":{"line":77,"column":8}}]},"3":{"line":78,"type":"if","locations":[{"start":{"line":78,"column":10},"end":{"line":78,"column":10}},{"start":{"line":78,"column":10},"end":{"line":78,"column":10}}]},"4":{"line":91,"type":"if","locations":[{"start":{"line":91,"column":12},"end":{"line":91,"column":12}},{"start":{"line":91,"column":12},"end":{"line":91,"column":12}}]},"5":{"line":118,"type":"if","locations":[{"start":{"line":118,"column":6},"end":{"line":118,"column":6}},{"start":{"line":118,"column":6},"end":{"line":118,"column":6}}]},"6":{"line":119,"type":"if","locations":[{"start":{"line":119,"column":6},"end":{"line":119,"column":6}},{"start":{"line":119,"column":6},"end":{"line":119,"column":6}}]},"7":{"line":167,"type":"if","locations":[{"start":{"line":167,"column":6},"end":{"line":167,"column":6}},{"start":{"line":167,"column":6},"end":{"line":167,"column":6}}]},"8":{"line":170,"type":"if","locations":[{"start":{"line":170,"column":6},"end":{"line":170,"column":6}},{"start":{"line":170,"column":6},"end":{"line":170,"column":6}}]},"9":{"line":181,"type":"if","locations":[{"start":{"line":181,"column":6},"end":{"line":181,"column":6}},{"start":{"line":181,"column":6},"end":{"line":181,"column":6}}]},"10":{"line":209,"type":"binary-expr","locations":[{"start":{"line":209,"column":13},"end":{"line":209,"column":27}},{"start":{"line":209,"column":31},"end":{"line":209,"column":38}}]},"11":{"line":212,"type":"if","locations":[{"start":{"line":212,"column":8},"end":{"line":212,"column":8}},{"start":{"line":212,"column":8},"end":{"line":212,"column":8}}]},"12":{"line":221,"type":"binary-expr","locations":[{"start":{"line":221,"column":25},"end":{"line":221,"column":48}},{"start":{"line":221,"column":52},"end":{"line":221,"column":65}}]},"13":{"line":223,"type":"if","locations":[{"start":{"line":223,"column":8},"end":{"line":223,"column":8}},{"start":{"line":223,"column":8},"end":{"line":223,"column":8}}]},"14":{"line":225,"type":"if","locations":[{"start":{"line":225,"column":10},"end":{"line":225,"column":10}},{"start":{"line":225,"column":10},"end":{"line":225,"column":10}}]},"15":{"line":238,"type":"if","locations":[{"start":{"line":238,"column":6},"end":{"line":238,"column":6}},{"start":{"line":238,"column":6},"end":{"line":238,"column":6}}]},"16":{"line":238,"type":"binary-expr","locations":[{"start":{"line":238,"column":10},"end":{"line":238,"column":22}},{"start":{"line":238,"column":26},"end":{"line":238,"column":69}}]},"17":{"line":258,"type":"if","locations":[{"start":{"line":258,"column":8},"end":{"line":258,"column":8}},{"start":{"line":258,"column":8},"end":{"line":258,"column":8}}]},"18":{"line":259,"type":"if","locations":[{"start":{"line":259,"column":8},"end":{"line":259,"column":8}},{"start":{"line":259,"column":8},"end":{"line":259,"column":8}}]},"19":{"line":278,"type":"if","locations":[{"start":{"line":278,"column":8},"end":{"line":278,"column":8}},{"start":{"line":278,"column":8},"end":{"line":278,"column":8}}]}}},"/home/physikerwelt/git/ag-gipp/vmext/lib/ASTRenderer/SnapRenderer.js":{"path":"/home/physikerwelt/git/ag-gipp/vmext/lib/ASTRenderer/SnapRenderer.js","s":{"1":1,"2":1,"3":1,"4":0,"5":0,"6":0,"7":0,"8":0,"9":0,"10":0,"11":0,"12":0,"13":0,"14":0,"15":0,"16":0,"17":0,"18":0,"19":0,"20":0,"21":0,"22":0,"23":0,"24":0,"25":0,"26":0,"27":0,"28":0,"29":0,"30":0,"31":0,"32":0,"33":0,"34":0,"35":0,"36":0,"37":0,"38":0,"39":0,"40":0,"41":0,"42":0},"b":{"1":[0,0],"2":[0,0]},"f":{"1":0,"2":0,"3":0,"4":0},"fnMap":{"1":{"name":"(anonymous_1)","line":8,"loc":{"start":{"line":8,"column":18},"end":{"line":8,"column":45}}},"2":{"name":"(anonymous_2)","line":24,"loc":{"start":{"line":24,"column":28},"end":{"line":24,"column":62}}},"3":{"name":"(anonymous_3)","line":38,"loc":{"start":{"line":38,"column":18},"end":{"line":38,"column":45}}},"4":{"name":"(anonymous_4)","line":55,"loc":{"start":{"line":55,"column":28},"end":{"line":55,"column":62}}}},"statementMap":{"1":{"start":{"line":4,"column":0},"end":{"line":4,"column":35}},"2":{"start":{"line":5,"column":0},"end":{"line":5,"column":25}},"3":{"start":{"line":7,"column":0},"end":{"line":68,"column":2}},"4":{"start":{"line":9,"column":4},"end":{"line":9,"column":62}},"5":{"start":{"line":10,"column":4},"end":{"line":10,"column":19}},"6":{"start":{"line":11,"column":4},"end":{"line":35,"column":28}},"7":{"start":{"line":12,"column":6},"end":{"line":12,"column":15}},"8":{"start":{"line":13,"column":6},"end":{"line":13,"column":29}},"9":{"start":{"line":16,"column":6},"end":{"line":16,"column":19}},"10":{"start":{"line":17,"column":6},"end":{"line":17,"column":69}},"11":{"start":{"line":18,"column":6},"end":{"line":18,"column":56}},"12":{"start":{"line":19,"column":6},"end":{"line":19,"column":74}},"13":{"start":{"line":22,"column":6},"end":{"line":22,"column":85}},"14":{"start":{"line":22,"column":32},"end":{"line":22,"column":85}},"15":{"start":{"line":24,"column":6},"end":{"line":27,"column":35}},"16":{"start":{"line":25,"column":8},"end":{"line":25,"column":37}},"17":{"start":{"line":26,"column":8},"end":{"line":26,"column":35}},"18":{"start":{"line":29,"column":16},"end":{"line":29,"column":74}},"19":{"start":{"line":31,"column":6},"end":{"line":31,"column":20}},"20":{"start":{"line":32,"column":6},"end":{"line":32,"column":17}},"21":{"start":{"line":33,"column":6},"end":{"line":33,"column":25}},"22":{"start":{"line":35,"column":16},"end":{"line":35,"column":26}},"23":{"start":{"line":39,"column":4},"end":{"line":39,"column":61}},"24":{"start":{"line":40,"column":4},"end":{"line":40,"column":62}},"25":{"start":{"line":41,"column":4},"end":{"line":41,"column":19}},"26":{"start":{"line":42,"column":4},"end":{"line":66,"column":28}},"27":{"start":{"line":43,"column":6},"end":{"line":43,"column":15}},"28":{"start":{"line":44,"column":6},"end":{"line":44,"column":29}},"29":{"start":{"line":47,"column":6},"end":{"line":47,"column":19}},"30":{"start":{"line":48,"column":6},"end":{"line":48,"column":69}},"31":{"start":{"line":49,"column":6},"end":{"line":49,"column":56}},"32":{"start":{"line":50,"column":6},"end":{"line":50,"column":73}},"33":{"start":{"line":53,"column":6},"end":{"line":53,"column":85}},"34":{"start":{"line":53,"column":32},"end":{"line":53,"column":85}},"35":{"start":{"line":55,"column":6},"end":{"line":58,"column":35}},"36":{"start":{"line":56,"column":8},"end":{"line":56,"column":37}},"37":{"start":{"line":57,"column":8},"end":{"line":57,"column":35}},"38":{"start":{"line":60,"column":16},"end":{"line":60,"column":60}},"39":{"start":{"line":62,"column":6},"end":{"line":62,"column":20}},"40":{"start":{"line":63,"column":6},"end":{"line":63,"column":17}},"41":{"start":{"line":64,"column":6},"end":{"line":64,"column":25}},"42":{"start":{"line":66,"column":16},"end":{"line":66,"column":26}}},"branchMap":{"1":{"line":22,"type":"if","locations":[{"start":{"line":22,"column":6},"end":{"line":22,"column":6}},{"start":{"line":22,"column":6},"end":{"line":22,"column":6}}]},"2":{"line":53,"type":"if","locations":[{"start":{"line":53,"column":6},"end":{"line":53,"column":6}},{"start":{"line":53,"column":6},"end":{"line":53,"column":6}}]}}},"/home/physikerwelt/git/ag-gipp/vmext/errorHandler/ErrorHandler.js":{"path":"/home/physikerwelt/git/ag-gipp/vmext/errorHandler/ErrorHandler.js","s":{"1":1,"2":1,"3":1,"4":1,"5":1,"6":1,"7":1,"8":11,"9":11,"10":11,"11":0,"12":0,"13":11,"14":11,"15":0,"16":11},"b":{"1":[0,11],"2":[0,11],"3":[11,0],"4":[0,11]},"f":{},"fnMap":{},"statementMap":{"1":{"start":{"line":3,"column":0},"end":{"line":3,"column":34}},"2":{"start":{"line":4,"column":0},"end":{"line":4,"column":29}},"3":{"start":{"line":5,"column":0},"end":{"line":5,"column":46}},"4":{"start":{"line":7,"column":0},"end":{"line":28,"column":2}},"5":{"start":{"line":9,"column":2},"end":{"line":11,"column":5}},"6":{"start":{"line":10,"column":4},"end":{"line":10,"column":96}},"7":{"start":{"line":13,"column":2},"end":{"line":27,"column":5}},"8":{"start":{"line":14,"column":4},"end":{"line":14,"column":43}},"9":{"start":{"line":15,"column":4},"end":{"line":15,"column":57}},"10":{"start":{"line":16,"column":4},"end":{"line":19,"column":5}},"11":{"start":{"line":17,"column":6},"end":{"line":17,"column":37}},"12":{"start":{"line":18,"column":6},"end":{"line":18,"column":23}},"13":{"start":{"line":20,"column":4},"end":{"line":20,"column":51}},"14":{"start":{"line":21,"column":4},"end":{"line":26,"column":5}},"15":{"start":{"line":23,"column":6},"end":{"line":23,"column":56}},"16":{"start":{"line":25,"column":6},"end":{"line":25,"column":41}}},"branchMap":{"1":{"line":15,"type":"cond-expr","locations":[{"start":{"line":15,"column":36},"end":{"line":15,"column":50}},{"start":{"line":15,"column":53},"end":{"line":15,"column":56}}]},"2":{"line":16,"type":"if","locations":[{"start":{"line":16,"column":4},"end":{"line":16,"column":4}},{"start":{"line":16,"column":4},"end":{"line":16,"column":4}}]},"3":{"line":20,"type":"binary-expr","locations":[{"start":{"line":20,"column":15},"end":{"line":20,"column":42}},{"start":{"line":20,"column":46},"end":{"line":20,"column":49}}]},"4":{"line":21,"type":"if","locations":[{"start":{"line":21,"column":4},"end":{"line":21,"column":4}},{"start":{"line":21,"column":4},"end":{"line":21,"column":4}}]}}}}