{"/media/physikerwelt/Windows/git/ag-gipp/vmext/server.js":{"path":"/media/physikerwelt/Windows/git/ag-gipp/vmext/server.js","s":{"1":1,"2":1,"3":1,"4":1,"5":1,"6":1,"7":1,"8":1,"9":1,"10":1,"11":1,"12":1,"13":1,"14":1,"15":1,"16":1,"17":1,"18":1,"19":1,"20":1,"21":1,"22":1,"23":1,"24":0,"25":0,"26":1,"27":1,"28":1,"29":1},"b":{"1":[1,1]},"f":{},"fnMap":{},"statementMap":{"1":{"start":{"line":4,"column":0},"end":{"line":4,"column":36}},"2":{"start":{"line":6,"column":0},"end":{"line":6,"column":35}},"3":{"start":{"line":7,"column":0},"end":{"line":7,"column":39}},"4":{"start":{"line":8,"column":0},"end":{"line":8,"column":42}},"5":{"start":{"line":9,"column":0},"end":{"line":9,"column":46}},"6":{"start":{"line":10,"column":0},"end":{"line":10,"column":43}},"7":{"start":{"line":11,"column":0},"end":{"line":11,"column":41}},"8":{"start":{"line":12,"column":0},"end":{"line":12,"column":36}},"9":{"start":{"line":15,"column":0},"end":{"line":23,"column":2}},"10":{"start":{"line":26,"column":0},"end":{"line":29,"column":3}},"11":{"start":{"line":32,"column":0},"end":{"line":32,"column":52}},"12":{"start":{"line":34,"column":0},"end":{"line":34,"column":23}},"13":{"start":{"line":36,"column":0},"end":{"line":36,"column":30}},"14":{"start":{"line":37,"column":0},"end":{"line":37,"column":34}},"15":{"start":{"line":40,"column":0},"end":{"line":44,"column":3}},"16":{"start":{"line":41,"column":2},"end":{"line":41,"column":49}},"17":{"start":{"line":42,"column":2},"end":{"line":42,"column":95}},"18":{"start":{"line":43,"column":2},"end":{"line":43,"column":9}},"19":{"start":{"line":47,"column":0},"end":{"line":47,"column":36}},"20":{"start":{"line":49,"column":0},"end":{"line":49,"column":41}},"21":{"start":{"line":51,"column":0},"end":{"line":51,"column":43}},"22":{"start":{"line":53,"column":0},"end":{"line":53,"column":56}},"23":{"start":{"line":56,"column":0},"end":{"line":59,"column":3}},"24":{"start":{"line":57,"column":2},"end":{"line":57,"column":52}},"25":{"start":{"line":58,"column":2},"end":{"line":58,"column":24}},"26":{"start":{"line":62,"column":0},"end":{"line":62,"column":44}},"27":{"start":{"line":65,"column":0},"end":{"line":67,"column":3}},"28":{"start":{"line":66,"column":2},"end":{"line":66,"column":74}},"29":{"start":{"line":69,"column":0},"end":{"line":69,"column":24}}},"branchMap":{"1":{"line":65,"type":"binary-expr","locations":[{"start":{"line":65,"column":26},"end":{"line":65,"column":42}},{"start":{"line":65,"column":46},"end":{"line":65,"column":50}}]}}},"/media/physikerwelt/Windows/git/ag-gipp/vmext/config/config.js":{"path":"/media/physikerwelt/Windows/git/ag-gipp/vmext/config/config.js","s":{"1":1,"2":1,"3":1,"4":1,"5":0},"b":{"1":[0,1]},"f":{},"fnMap":{},"statementMap":{"1":{"start":{"line":2,"column":0},"end":{"line":2,"column":32}},"2":{"start":{"line":3,"column":0},"end":{"line":3,"column":25}},"3":{"start":{"line":4,"column":0},"end":{"line":4,"column":79}},"4":{"start":{"line":5,"column":0},"end":{"line":7,"column":1}},"5":{"start":{"line":6,"column":2},"end":{"line":6,"column":55}}},"branchMap":{"1":{"line":5,"type":"if","locations":[{"start":{"line":5,"column":0},"end":{"line":5,"column":0}},{"start":{"line":5,"column":0},"end":{"line":5,"column":0}}]}}},"/media/physikerwelt/Windows/git/ag-gipp/vmext/lib/logger/index.js":{"path":"/media/physikerwelt/Windows/git/ag-gipp/vmext/lib/logger/index.js","s":{"1":1,"2":1,"3":1,"4":1,"5":1,"6":1,"7":1,"8":1,"9":0,"10":1,"11":1,"12":1,"13":1,"14":0,"15":0,"16":1,"17":1,"18":1,"19":1},"b":{"1":[0,1],"2":[0,1]},"f":{"1":1},"fnMap":{"1":{"name":"createLogDir","line":10,"loc":{"start":{"line":10,"column":0},"end":{"line":10,"column":24}}}},"statementMap":{"1":{"start":{"line":3,"column":0},"end":{"line":3,"column":35}},"2":{"start":{"line":4,"column":0},"end":{"line":4,"column":25}},"3":{"start":{"line":5,"column":0},"end":{"line":5,"column":40}},"4":{"start":{"line":6,"column":0},"end":{"line":6,"column":64}},"5":{"start":{"line":7,"column":0},"end":{"line":7,"column":51}},"6":{"start":{"line":10,"column":0},"end":{"line":14,"column":1}},"7":{"start":{"line":11,"column":2},"end":{"line":11,"column":50}},"8":{"start":{"line":12,"column":2},"end":{"line":12,"column":57}},"9":{"start":{"line":12,"column":33},"end":{"line":12,"column":55}},"10":{"start":{"line":13,"column":2},"end":{"line":13,"column":25}},"11":{"start":{"line":16,"column":0},"end":{"line":36,"column":3}},"12":{"start":{"line":38,"column":0},"end":{"line":44,"column":2}},"13":{"start":{"line":46,"column":0},"end":{"line":57,"column":1}},"14":{"start":{"line":47,"column":2},"end":{"line":56,"column":4}},"15":{"start":{"line":54,"column":28},"end":{"line":54,"column":117}},"16":{"start":{"line":58,"column":0},"end":{"line":58,"column":46}},"17":{"start":{"line":60,"column":0},"end":{"line":60,"column":28}},"18":{"start":{"line":62,"column":0},"end":{"line":62,"column":36}},"19":{"start":{"line":63,"column":0},"end":{"line":63,"column":25}}},"branchMap":{"1":{"line":12,"type":"if","locations":[{"start":{"line":12,"column":2},"end":{"line":12,"column":2}},{"start":{"line":12,"column":2},"end":{"line":12,"column":2}}]},"2":{"line":46,"type":"if","locations":[{"start":{"line":46,"column":0},"end":{"line":46,"column":0}},{"start":{"line":46,"column":0},"end":{"line":46,"column":0}}]}}},"/media/physikerwelt/Windows/git/ag-gipp/vmext/routes/routes.js":{"path":"/media/physikerwelt/Windows/git/ag-gipp/vmext/routes/routes.js","s":{"1":1,"2":1,"3":1,"4":1,"5":1,"6":0,"7":1,"8":0},"b":{},"f":{},"fnMap":{},"statementMap":{"1":{"start":{"line":3,"column":0},"end":{"line":3,"column":35}},"2":{"start":{"line":4,"column":0},"end":{"line":4,"column":70}},"3":{"start":{"line":6,"column":0},"end":{"line":8,"column":3}},"4":{"start":{"line":7,"column":2},"end":{"line":7,"column":22}},"5":{"start":{"line":10,"column":0},"end":{"line":12,"column":3}},"6":{"start":{"line":11,"column":2},"end":{"line":11,"column":29}},"7":{"start":{"line":14,"column":0},"end":{"line":16,"column":3}},"8":{"start":{"line":15,"column":2},"end":{"line":15,"column":28}}},"branchMap":{}},"/media/physikerwelt/Windows/git/ag-gipp/vmext/api/versions.js":{"path":"/media/physikerwelt/Windows/git/ag-gipp/vmext/api/versions.js","s":{"1":1,"2":1,"3":1},"b":{},"f":{},"fnMap":{},"statementMap":{"1":{"start":{"line":3,"column":0},"end":{"line":3,"column":35}},"2":{"start":{"line":4,"column":0},"end":{"line":4,"column":76}},"3":{"start":{"line":6,"column":0},"end":{"line":6,"column":53}}},"branchMap":{}},"/media/physikerwelt/Windows/git/ag-gipp/vmext/api/v1/APIv1Routes.js":{"path":"/media/physikerwelt/Windows/git/ag-gipp/vmext/api/v1/APIv1Routes.js","s":{"1":1,"2":1,"3":1},"b":{},"f":{},"fnMap":{},"statementMap":{"1":{"start":{"line":3,"column":0},"end":{"line":3,"column":35}},"2":{"start":{"line":4,"column":0},"end":{"line":4,"column":72}},"3":{"start":{"line":6,"column":0},"end":{"line":6,"column":68}}},"branchMap":{}},"/media/physikerwelt/Windows/git/ag-gipp/vmext/api/v1/routes/abstractSyntaxTreeRoutes.js":{"path":"/media/physikerwelt/Windows/git/ag-gipp/vmext/api/v1/routes/abstractSyntaxTreeRoutes.js","s":{"1":1,"2":1,"3":1,"4":1,"5":1,"6":1,"7":1,"8":1,"9":1,"10":1,"11":1,"12":1},"b":{},"f":{},"fnMap":{},"statementMap":{"1":{"start":{"line":3,"column":0},"end":{"line":3,"column":34}},"2":{"start":{"line":4,"column":0},"end":{"line":4,"column":70}},"3":{"start":{"line":5,"column":0},"end":{"line":5,"column":32}},"4":{"start":{"line":6,"column":0},"end":{"line":6,"column":23}},"5":{"start":{"line":7,"column":0},"end":{"line":7,"column":56}},"6":{"start":{"line":8,"column":0},"end":{"line":8,"column":75}},"7":{"start":{"line":81,"column":0},"end":{"line":105,"column":25}},"8":{"start":{"line":152,"column":0},"end":{"line":176,"column":35}},"9":{"start":{"line":230,"column":0},"end":{"line":268,"column":26}},"10":{"start":{"line":306,"column":0},"end":{"line":342,"column":41}},"11":{"start":{"line":389,"column":0},"end":{"line":425,"column":32}},"12":{"start":{"line":427,"column":0},"end":{"line":437,"column":26}}},"branchMap":{}},"/media/physikerwelt/Windows/git/ag-gipp/vmext/lib/RequestValidator/index.js":{"path":"/media/physikerwelt/Windows/git/ag-gipp/vmext/lib/RequestValidator/index.js","s":{"1":1,"2":1},"b":{},"f":{},"fnMap":{},"statementMap":{"1":{"start":{"line":3,"column":0},"end":{"line":3,"column":55}},"2":{"start":{"line":5,"column":0},"end":{"line":5,"column":34}}},"branchMap":{}},"/media/physikerwelt/Windows/git/ag-gipp/vmext/lib/RequestValidator/RequestValidator.js":{"path":"/media/physikerwelt/Windows/git/ag-gipp/vmext/lib/RequestValidator/RequestValidator.js","s":{"1":1,"2":1,"3":1,"4":1,"5":6,"6":0,"7":0,"8":0,"9":6,"10":0,"11":0,"12":0,"13":0,"14":0,"15":0,"16":0,"17":0,"18":0,"19":0,"20":0},"b":{"1":[0,0],"2":[0,0],"3":[0,0],"4":[0,0],"5":[0,0]},"f":{"1":6,"2":0,"3":6,"4":0},"fnMap":{"1":{"name":"(anonymous_1)","line":8,"loc":{"start":{"line":8,"column":20},"end":{"line":8,"column":27}}},"2":{"name":"(anonymous_2)","line":9,"loc":{"start":{"line":9,"column":11},"end":{"line":9,"column":36}}},"3":{"name":"(anonymous_3)","line":17,"loc":{"start":{"line":17,"column":20},"end":{"line":17,"column":29}}},"4":{"name":"(anonymous_4)","line":18,"loc":{"start":{"line":18,"column":11},"end":{"line":18,"column":36}}}},"statementMap":{"1":{"start":{"line":3,"column":0},"end":{"line":3,"column":51}},"2":{"start":{"line":4,"column":0},"end":{"line":4,"column":34}},"3":{"start":{"line":5,"column":0},"end":{"line":5,"column":29}},"4":{"start":{"line":7,"column":0},"end":{"line":39,"column":2}},"5":{"start":{"line":9,"column":4},"end":{"line":14,"column":6}},"6":{"start":{"line":10,"column":6},"end":{"line":12,"column":7}},"7":{"start":{"line":11,"column":8},"end":{"line":11,"column":86}},"8":{"start":{"line":13,"column":6},"end":{"line":13,"column":13}},"9":{"start":{"line":18,"column":4},"end":{"line":36,"column":6}},"10":{"start":{"line":19,"column":6},"end":{"line":34,"column":7}},"11":{"start":{"line":20,"column":8},"end":{"line":33,"column":9}},"12":{"start":{"line":21,"column":10},"end":{"line":25,"column":11}},"13":{"start":{"line":22,"column":12},"end":{"line":22,"column":86}},"14":{"start":{"line":24,"column":12},"end":{"line":24,"column":88}},"15":{"start":{"line":26,"column":15},"end":{"line":33,"column":9}},"16":{"start":{"line":27,"column":10},"end":{"line":27,"column":84}},"17":{"start":{"line":29,"column":10},"end":{"line":31,"column":11}},"18":{"start":{"line":30,"column":12},"end":{"line":30,"column":108}},"19":{"start":{"line":32,"column":10},"end":{"line":32,"column":49}},"20":{"start":{"line":35,"column":6},"end":{"line":35,"column":13}}},"branchMap":{"1":{"line":10,"type":"if","locations":[{"start":{"line":10,"column":6},"end":{"line":10,"column":6}},{"start":{"line":10,"column":6},"end":{"line":10,"column":6}}]},"2":{"line":10,"type":"binary-expr","locations":[{"start":{"line":10,"column":10},"end":{"line":10,"column":45}},{"start":{"line":10,"column":49},"end":{"line":10,"column":94}}]},"3":{"line":20,"type":"if","locations":[{"start":{"line":20,"column":8},"end":{"line":20,"column":8}},{"start":{"line":20,"column":8},"end":{"line":20,"column":8}}]},"4":{"line":26,"type":"if","locations":[{"start":{"line":26,"column":15},"end":{"line":26,"column":15}},{"start":{"line":26,"column":15},"end":{"line":26,"column":15}}]},"5":{"line":29,"type":"if","locations":[{"start":{"line":29,"column":10},"end":{"line":29,"column":10}},{"start":{"line":29,"column":10},"end":{"line":29,"column":10}}]}}},"/media/physikerwelt/Windows/git/ag-gipp/vmext/lib/RequestValidator/TypeParsingMap.js":{"path":"/media/physikerwelt/Windows/git/ag-gipp/vmext/lib/RequestValidator/TypeParsingMap.js","s":{"1":1,"2":1,"3":1,"4":1,"5":0,"6":0,"7":0,"8":0,"9":0,"10":0,"11":0,"12":0,"13":0,"14":0,"15":0,"16":0,"17":0,"18":0,"19":0},"b":{"1":[0,0],"2":[0,0],"3":[0,0],"4":[0,0]},"f":{"1":0,"2":0,"3":0,"4":0,"5":0},"fnMap":{"1":{"name":"(anonymous_1)","line":8,"loc":{"start":{"line":8,"column":9},"end":{"line":8,"column":17}}},"2":{"name":"(anonymous_2)","line":15,"loc":{"start":{"line":15,"column":5},"end":{"line":15,"column":13}}},"3":{"name":"(anonymous_3)","line":19,"loc":{"start":{"line":19,"column":6},"end":{"line":19,"column":14}}},"4":{"name":"(anonymous_4)","line":27,"loc":{"start":{"line":27,"column":8},"end":{"line":27,"column":16}}},"5":{"name":"(anonymous_5)","line":30,"loc":{"start":{"line":30,"column":5},"end":{"line":30,"column":13}}}},"statementMap":{"1":{"start":{"line":3,"column":0},"end":{"line":3,"column":33}},"2":{"start":{"line":4,"column":0},"end":{"line":4,"column":37}},"3":{"start":{"line":5,"column":0},"end":{"line":5,"column":35}},"4":{"start":{"line":7,"column":0},"end":{"line":36,"column":2}},"5":{"start":{"line":9,"column":4},"end":{"line":13,"column":5}},"6":{"start":{"line":10,"column":6},"end":{"line":10,"column":31}},"7":{"start":{"line":12,"column":6},"end":{"line":12,"column":30}},"8":{"start":{"line":16,"column":4},"end":{"line":16,"column":29}},"9":{"start":{"line":17,"column":4},"end":{"line":17,"column":69}},"10":{"start":{"line":20,"column":4},"end":{"line":25,"column":5}},"11":{"start":{"line":21,"column":6},"end":{"line":21,"column":57}},"12":{"start":{"line":21,"column":30},"end":{"line":21,"column":55}},"13":{"start":{"line":22,"column":6},"end":{"line":22,"column":31}},"14":{"start":{"line":24,"column":6},"end":{"line":24,"column":31}},"15":{"start":{"line":28,"column":4},"end":{"line":28,"column":17}},"16":{"start":{"line":31,"column":4},"end":{"line":31,"column":28}},"17":{"start":{"line":32,"column":4},"end":{"line":32,"column":59}},"18":{"start":{"line":32,"column":32},"end":{"line":32,"column":57}},"19":{"start":{"line":33,"column":4},"end":{"line":33,"column":13}}},"branchMap":{"1":{"line":9,"type":"if","locations":[{"start":{"line":9,"column":4},"end":{"line":9,"column":4}},{"start":{"line":9,"column":4},"end":{"line":9,"column":4}}]},"2":{"line":9,"type":"binary-expr","locations":[{"start":{"line":9,"column":8},"end":{"line":9,"column":24}},{"start":{"line":9,"column":28},"end":{"line":9,"column":45}}]},"3":{"line":21,"type":"if","locations":[{"start":{"line":21,"column":6},"end":{"line":21,"column":6}},{"start":{"line":21,"column":6},"end":{"line":21,"column":6}}]},"4":{"line":32,"type":"if","locations":[{"start":{"line":32,"column":4},"end":{"line":32,"column":4}},{"start":{"line":32,"column":4},"end":{"line":32,"column":4}}]}}},"/media/physikerwelt/Windows/git/ag-gipp/vmext/api/v1/controller/AbstractSyntaxTreeController.js":{"path":"/media/physikerwelt/Windows/git/ag-gipp/vmext/api/v1/controller/AbstractSyntaxTreeController.js","s":{"1":1,"2":1,"3":1,"4":1,"5":1,"6":1,"7":1,"8":0,"9":0,"10":0,"11":0,"12":0,"13":0,"14":0,"15":0,"16":0,"17":0,"18":0,"19":0,"20":0,"21":0,"22":0,"23":0,"24":0,"25":0,"26":0,"27":0,"28":0,"29":0,"30":0,"31":0,"32":0,"33":0,"34":0,"35":0,"36":0,"37":0,"38":0},"b":{"1":[0,0],"2":[0,0]},"f":{},"fnMap":{},"statementMap":{"1":{"start":{"line":3,"column":0},"end":{"line":3,"column":42}},"2":{"start":{"line":4,"column":0},"end":{"line":4,"column":46}},"3":{"start":{"line":5,"column":0},"end":{"line":5,"column":54}},"4":{"start":{"line":6,"column":0},"end":{"line":6,"column":60}},"5":{"start":{"line":7,"column":0},"end":{"line":7,"column":42}},"6":{"start":{"line":8,"column":0},"end":{"line":8,"column":28}},"7":{"start":{"line":10,"column":0},"end":{"line":118,"column":1}},"8":{"start":{"line":12,"column":4},"end":{"line":21,"column":75}},"9":{"start":{"line":19,"column":8},"end":{"line":19,"column":21}},"10":{"start":{"line":21,"column":21},"end":{"line":21,"column":73}},"11":{"start":{"line":25,"column":4},"end":{"line":25,"column":53}},"12":{"start":{"line":26,"column":4},"end":{"line":48,"column":54}},"13":{"start":{"line":33,"column":8},"end":{"line":33,"column":39}},"14":{"start":{"line":34,"column":8},"end":{"line":34,"column":17}},"15":{"start":{"line":37,"column":8},"end":{"line":46,"column":12}},"16":{"start":{"line":42,"column":12},"end":{"line":45,"column":14}},"17":{"start":{"line":48,"column":20},"end":{"line":48,"column":53}},"18":{"start":{"line":53,"column":4},"end":{"line":57,"column":8}},"19":{"start":{"line":58,"column":4},"end":{"line":79,"column":8}},"20":{"start":{"line":61,"column":8},"end":{"line":61,"column":57}},"21":{"start":{"line":62,"column":8},"end":{"line":75,"column":10}},"22":{"start":{"line":66,"column":10},"end":{"line":74,"column":14}},"23":{"start":{"line":69,"column":14},"end":{"line":69,"column":39}},"24":{"start":{"line":72,"column":14},"end":{"line":72,"column":47}},"25":{"start":{"line":73,"column":14},"end":{"line":73,"column":23}},"26":{"start":{"line":78,"column":8},"end":{"line":78,"column":40}},"27":{"start":{"line":84,"column":6},"end":{"line":92,"column":32}},"28":{"start":{"line":88,"column":8},"end":{"line":88,"column":99}},"29":{"start":{"line":90,"column":8},"end":{"line":90,"column":39}},"30":{"start":{"line":92,"column":22},"end":{"line":92,"column":31}},"31":{"start":{"line":97,"column":6},"end":{"line":108,"column":32}},"32":{"start":{"line":101,"column":8},"end":{"line":101,"column":101}},"33":{"start":{"line":103,"column":8},"end":{"line":107,"column":12}},"34":{"start":{"line":106,"column":12},"end":{"line":106,"column":37}},"35":{"start":{"line":108,"column":22},"end":{"line":108,"column":31}},"36":{"start":{"line":113,"column":6},"end":{"line":116,"column":32}},"37":{"start":{"line":114,"column":8},"end":{"line":114,"column":21}},"38":{"start":{"line":116,"column":22},"end":{"line":116,"column":31}}},"branchMap":{"1":{"line":25,"type":"binary-expr","locations":[{"start":{"line":25,"column":19},"end":{"line":25,"column":46}},{"start":{"line":25,"column":50},"end":{"line":25,"column":53}}]},"2":{"line":61,"type":"binary-expr","locations":[{"start":{"line":61,"column":23},"end":{"line":61,"column":50}},{"start":{"line":61,"column":54},"end":{"line":61,"column":57}}]}}},"/media/physikerwelt/Windows/git/ag-gipp/vmext/lib/ASTParser/index.js":{"path":"/media/physikerwelt/Windows/git/ag-gipp/vmext/lib/ASTParser/index.js","s":{"1":1,"2":1},"b":{},"f":{},"fnMap":{},"statementMap":{"1":{"start":{"line":3,"column":0},"end":{"line":3,"column":41}},"2":{"start":{"line":5,"column":0},"end":{"line":5,"column":27}}},"branchMap":{}},"/media/physikerwelt/Windows/git/ag-gipp/vmext/lib/ASTParser/ASTParser.js":{"path":"/media/physikerwelt/Windows/git/ag-gipp/vmext/lib/ASTParser/ASTParser.js","s":{"1":1,"2":1,"3":1,"4":1,"5":1,"6":0,"7":0,"8":0,"9":0,"10":0,"11":0,"12":0,"13":0,"14":0,"15":0,"16":0,"17":0,"18":0,"19":0,"20":0,"21":0,"22":0,"23":0,"24":0,"25":0,"26":0,"27":0,"28":0,"29":0,"30":0,"31":0,"32":0,"33":0,"34":0,"35":0,"36":0,"37":0,"38":0,"39":0,"40":0,"41":0,"42":0,"43":0,"44":0,"45":0,"46":0,"47":0,"48":0,"49":0,"50":0,"51":0,"52":0,"53":0,"54":0,"55":0},"b":{"1":[0,0],"2":[0,0],"3":[0,0],"4":[0,0],"5":[0,0],"6":[0,0],"7":[0,0],"8":[0,0,0],"9":[0,0],"10":[0,0],"11":[0,0],"12":[0,0],"13":[0,0],"14":[0,0]},"f":{"1":0,"2":0,"3":0,"4":0,"5":0,"6":0,"7":0,"8":0},"fnMap":{"1":{"name":"(anonymous_1)","line":9,"loc":{"start":{"line":9,"column":13},"end":{"line":9,"column":33}}},"2":{"name":"(anonymous_2)","line":18,"loc":{"start":{"line":18,"column":7},"end":{"line":18,"column":10}}},"3":{"name":"(anonymous_3)","line":30,"loc":{"start":{"line":30,"column":12},"end":{"line":30,"column":27}}},"4":{"name":"(anonymous_4)","line":101,"loc":{"start":{"line":101,"column":34},"end":{"line":101,"column":44}}},"5":{"name":"(anonymous_5)","line":109,"loc":{"start":{"line":109,"column":18},"end":{"line":109,"column":28}}},"6":{"name":"(anonymous_6)","line":119,"loc":{"start":{"line":119,"column":20},"end":{"line":119,"column":27}}},"7":{"name":"(anonymous_7)","line":124,"loc":{"start":{"line":124,"column":16},"end":{"line":124,"column":23}}},"8":{"name":"(anonymous_8)","line":128,"loc":{"start":{"line":128,"column":21},"end":{"line":128,"column":31}}}},"statementMap":{"1":{"start":{"line":3,"column":0},"end":{"line":3,"column":33}},"2":{"start":{"line":4,"column":0},"end":{"line":4,"column":31}},"3":{"start":{"line":5,"column":0},"end":{"line":5,"column":40}},"4":{"start":{"line":6,"column":0},"end":{"line":6,"column":40}},"5":{"start":{"line":8,"column":0},"end":{"line":131,"column":2}},"6":{"start":{"line":10,"column":4},"end":{"line":10,"column":19}},"7":{"start":{"line":11,"column":4},"end":{"line":11,"column":83}},"8":{"start":{"line":12,"column":4},"end":{"line":15,"column":16}},"9":{"start":{"line":19,"column":4},"end":{"line":27,"column":7}},"10":{"start":{"line":20,"column":6},"end":{"line":26,"column":7}},"11":{"start":{"line":21,"column":8},"end":{"line":21,"column":99}},"12":{"start":{"line":22,"column":8},"end":{"line":22,"column":75}},"13":{"start":{"line":23,"column":8},"end":{"line":23,"column":24}},"14":{"start":{"line":25,"column":8},"end":{"line":25,"column":18}},"15":{"start":{"line":31,"column":4},"end":{"line":31,"column":57}},"16":{"start":{"line":32,"column":4},"end":{"line":32,"column":51}},"17":{"start":{"line":36,"column":4},"end":{"line":36,"column":65}},"18":{"start":{"line":37,"column":4},"end":{"line":37,"column":56}},"19":{"start":{"line":38,"column":4},"end":{"line":38,"column":44}},"20":{"start":{"line":41,"column":4},"end":{"line":41,"column":109}},"21":{"start":{"line":44,"column":4},"end":{"line":44,"column":35}},"22":{"start":{"line":45,"column":4},"end":{"line":45,"column":60}},"23":{"start":{"line":46,"column":4},"end":{"line":46,"column":82}},"24":{"start":{"line":46,"column":21},"end":{"line":46,"column":80}},"25":{"start":{"line":47,"column":4},"end":{"line":49,"column":5}},"26":{"start":{"line":48,"column":6},"end":{"line":48,"column":64}},"27":{"start":{"line":50,"column":4},"end":{"line":50,"column":62}},"28":{"start":{"line":52,"column":4},"end":{"line":52,"column":61}},"29":{"start":{"line":55,"column":4},"end":{"line":63,"column":5}},"30":{"start":{"line":56,"column":6},"end":{"line":62,"column":8}},"31":{"start":{"line":66,"column":4},"end":{"line":89,"column":7}},"32":{"start":{"line":67,"column":6},"end":{"line":71,"column":7}},"33":{"start":{"line":70,"column":8},"end":{"line":70,"column":40}},"34":{"start":{"line":72,"column":6},"end":{"line":72,"column":49}},"35":{"start":{"line":73,"column":6},"end":{"line":73,"column":61}},"36":{"start":{"line":75,"column":6},"end":{"line":75,"column":22}},"37":{"start":{"line":76,"column":6},"end":{"line":76,"column":34}},"38":{"start":{"line":77,"column":6},"end":{"line":82,"column":7}},"39":{"start":{"line":78,"column":8},"end":{"line":78,"column":62}},"40":{"start":{"line":79,"column":8},"end":{"line":79,"column":54}},"41":{"start":{"line":81,"column":8},"end":{"line":81,"column":46}},"42":{"start":{"line":83,"column":6},"end":{"line":88,"column":8}},"43":{"start":{"line":91,"column":4},"end":{"line":98,"column":6}},"44":{"start":{"line":102,"column":4},"end":{"line":105,"column":5}},"45":{"start":{"line":103,"column":6},"end":{"line":104,"column":46}},"46":{"start":{"line":106,"column":4},"end":{"line":106,"column":17}},"47":{"start":{"line":110,"column":4},"end":{"line":115,"column":5}},"48":{"start":{"line":111,"column":6},"end":{"line":113,"column":7}},"49":{"start":{"line":112,"column":8},"end":{"line":112,"column":23}},"50":{"start":{"line":114,"column":6},"end":{"line":114,"column":57}},"51":{"start":{"line":116,"column":4},"end":{"line":116,"column":16}},"52":{"start":{"line":120,"column":4},"end":{"line":120,"column":75}},"53":{"start":{"line":121,"column":4},"end":{"line":121,"column":83}},"54":{"start":{"line":125,"column":4},"end":{"line":125,"column":58}},"55":{"start":{"line":129,"column":4},"end":{"line":129,"column":90}}},"branchMap":{"1":{"line":37,"type":"cond-expr","locations":[{"start":{"line":37,"column":32},"end":{"line":37,"column":48}},{"start":{"line":37,"column":51},"end":{"line":37,"column":55}}]},"2":{"line":41,"type":"cond-expr","locations":[{"start":{"line":41,"column":65},"end":{"line":41,"column":78}},{"start":{"line":41,"column":81},"end":{"line":41,"column":108}}]},"3":{"line":46,"type":"if","locations":[{"start":{"line":46,"column":4},"end":{"line":46,"column":4}},{"start":{"line":46,"column":4},"end":{"line":46,"column":4}}]},"4":{"line":47,"type":"if","locations":[{"start":{"line":47,"column":4},"end":{"line":47,"column":4}},{"start":{"line":47,"column":4},"end":{"line":47,"column":4}}]},"5":{"line":55,"type":"if","locations":[{"start":{"line":55,"column":4},"end":{"line":55,"column":4}},{"start":{"line":55,"column":4},"end":{"line":55,"column":4}}]},"6":{"line":55,"type":"binary-expr","locations":[{"start":{"line":55,"column":8},"end":{"line":55,"column":30}},{"start":{"line":55,"column":34},"end":{"line":55,"column":70}}]},"7":{"line":67,"type":"if","locations":[{"start":{"line":67,"column":6},"end":{"line":67,"column":6}},{"start":{"line":67,"column":6},"end":{"line":67,"column":6}}]},"8":{"line":67,"type":"binary-expr","locations":[{"start":{"line":67,"column":10},"end":{"line":67,"column":37}},{"start":{"line":68,"column":8},"end":{"line":68,"column":55}},{"start":{"line":69,"column":8},"end":{"line":69,"column":42}}]},"9":{"line":77,"type":"if","locations":[{"start":{"line":77,"column":6},"end":{"line":77,"column":6}},{"start":{"line":77,"column":6},"end":{"line":77,"column":6}}]},"10":{"line":102,"type":"if","locations":[{"start":{"line":102,"column":4},"end":{"line":102,"column":4}},{"start":{"line":102,"column":4},"end":{"line":102,"column":4}}]},"11":{"line":103,"type":"binary-expr","locations":[{"start":{"line":103,"column":13},"end":{"line":103,"column":55}},{"start":{"line":104,"column":8},"end":{"line":104,"column":45}}]},"12":{"line":110,"type":"if","locations":[{"start":{"line":110,"column":4},"end":{"line":110,"column":4}},{"start":{"line":110,"column":4},"end":{"line":110,"column":4}}]},"13":{"line":111,"type":"if","locations":[{"start":{"line":111,"column":6},"end":{"line":111,"column":6}},{"start":{"line":111,"column":6},"end":{"line":111,"column":6}}]},"14":{"line":121,"type":"cond-expr","locations":[{"start":{"line":121,"column":36},"end":{"line":121,"column":60}},{"start":{"line":121,"column":63},"end":{"line":121,"column":82}}]}}},"/media/physikerwelt/Windows/git/ag-gipp/vmext/lib/ASTParser/operationMap.js":{"path":"/media/physikerwelt/Windows/git/ag-gipp/vmext/lib/ASTParser/operationMap.js","s":{"1":1,"2":3,"3":1},"b":{},"f":{"1":3},"fnMap":{"1":{"name":"line","line":3,"loc":{"start":{"line":3,"column":0},"end":{"line":3,"column":20}}}},"statementMap":{"1":{"start":{"line":3,"column":0},"end":{"line":5,"column":1}},"2":{"start":{"line":4,"column":2},"end":{"line":4,"column":41}},"3":{"start":{"line":7,"column":0},"end":{"line":11,"column":2}}},"branchMap":{}},"/media/physikerwelt/Windows/git/ag-gipp/vmext/lib/ASTRenderer/index.js":{"path":"/media/physikerwelt/Windows/git/ag-gipp/vmext/lib/ASTRenderer/index.js","s":{"1":1,"2":1,"3":1},"b":{},"f":{},"fnMap":{},"statementMap":{"1":{"start":{"line":3,"column":0},"end":{"line":3,"column":45}},"2":{"start":{"line":4,"column":0},"end":{"line":4,"column":49}},"3":{"start":{"line":6,"column":0},"end":{"line":9,"column":2}}},"branchMap":{}},"/media/physikerwelt/Windows/git/ag-gipp/vmext/lib/ASTRenderer/SimpleRenderer.js":{"path":"/media/physikerwelt/Windows/git/ag-gipp/vmext/lib/ASTRenderer/SimpleRenderer.js","s":{"1":1,"2":1,"3":1,"4":1,"5":1,"6":1,"7":1,"8":1,"9":1,"10":0,"11":0,"12":0,"13":0,"14":0,"15":0,"16":0,"17":0,"18":0,"19":0,"20":0,"21":0,"22":0,"23":0,"24":0,"25":0,"26":0,"27":0,"28":0,"29":0,"30":0,"31":0,"32":0,"33":0,"34":0,"35":0,"36":0,"37":0,"38":0,"39":0,"40":0,"41":0,"42":0,"43":0,"44":0,"45":0,"46":0,"47":0,"48":0,"49":0,"50":0,"51":0,"52":0,"53":0,"54":0,"55":0,"56":0,"57":0,"58":0,"59":0,"60":0,"61":0,"62":0,"63":0},"b":{"1":[0,0],"2":[0,0],"3":[0,0],"4":[0,0],"5":[0,0],"6":[0,0],"7":[0,0]},"f":{"1":0,"2":0,"3":0,"4":0,"5":0,"6":0},"fnMap":{"1":{"name":"(anonymous_1)","line":13,"loc":{"start":{"line":13,"column":13},"end":{"line":13,"column":16}}},"2":{"name":"(anonymous_2)","line":51,"loc":{"start":{"line":51,"column":36},"end":{"line":51,"column":45}}},"3":{"name":"(anonymous_3)","line":69,"loc":{"start":{"line":69,"column":8},"end":{"line":69,"column":34}}},"4":{"name":"(anonymous_4)","line":159,"loc":{"start":{"line":159,"column":16},"end":{"line":159,"column":28}}},"5":{"name":"(anonymous_5)","line":188,"loc":{"start":{"line":188,"column":19},"end":{"line":188,"column":31}}},"6":{"name":"(anonymous_6)","line":196,"loc":{"start":{"line":196,"column":9},"end":{"line":196,"column":12}}}},"statementMap":{"1":{"start":{"line":3,"column":0},"end":{"line":3,"column":29}},"2":{"start":{"line":4,"column":0},"end":{"line":4,"column":25}},"3":{"start":{"line":5,"column":0},"end":{"line":5,"column":31}},"4":{"start":{"line":6,"column":0},"end":{"line":6,"column":35}},"5":{"start":{"line":7,"column":0},"end":{"line":7,"column":25}},"6":{"start":{"line":8,"column":0},"end":{"line":8,"column":55}},"7":{"start":{"line":9,"column":0},"end":{"line":9,"column":78}},"8":{"start":{"line":10,"column":0},"end":{"line":10,"column":79}},"9":{"start":{"line":12,"column":0},"end":{"line":200,"column":2}},"10":{"start":{"line":14,"column":4},"end":{"line":19,"column":6}},"11":{"start":{"line":20,"column":4},"end":{"line":27,"column":6}},"12":{"start":{"line":28,"column":4},"end":{"line":28,"column":109}},"13":{"start":{"line":29,"column":4},"end":{"line":29,"column":111}},"14":{"start":{"line":31,"column":4},"end":{"line":41,"column":7}},"15":{"start":{"line":32,"column":6},"end":{"line":40,"column":9}},"16":{"start":{"line":36,"column":10},"end":{"line":36,"column":45}},"17":{"start":{"line":36,"column":26},"end":{"line":36,"column":43}},"18":{"start":{"line":37,"column":10},"end":{"line":37,"column":49}},"19":{"start":{"line":38,"column":10},"end":{"line":38,"column":26}},"20":{"start":{"line":43,"column":4},"end":{"line":48,"column":7}},"21":{"start":{"line":44,"column":6},"end":{"line":47,"column":8}},"22":{"start":{"line":52,"column":4},"end":{"line":59,"column":51}},"23":{"start":{"line":61,"column":4},"end":{"line":61,"column":40}},"24":{"start":{"line":62,"column":4},"end":{"line":62,"column":74}},"25":{"start":{"line":64,"column":4},"end":{"line":66,"column":100}},"26":{"start":{"line":70,"column":4},"end":{"line":185,"column":7}},"27":{"start":{"line":71,"column":6},"end":{"line":71,"column":35}},"28":{"start":{"line":74,"column":6},"end":{"line":74,"column":90}},"29":{"start":{"line":75,"column":6},"end":{"line":76,"column":48}},"30":{"start":{"line":79,"column":6},"end":{"line":79,"column":37}},"31":{"start":{"line":82,"column":6},"end":{"line":82,"column":29}},"32":{"start":{"line":84,"column":6},"end":{"line":108,"column":7}},"33":{"start":{"line":85,"column":8},"end":{"line":87,"column":35}},"34":{"start":{"line":89,"column":8},"end":{"line":93,"column":28}},"35":{"start":{"line":95,"column":8},"end":{"line":107,"column":10}},"36":{"start":{"line":97,"column":12},"end":{"line":97,"column":69}},"37":{"start":{"line":98,"column":12},"end":{"line":102,"column":35}},"38":{"start":{"line":105,"column":14},"end":{"line":105,"column":35}},"39":{"start":{"line":109,"column":6},"end":{"line":113,"column":30}},"40":{"start":{"line":111,"column":10},"end":{"line":111,"column":74}},"41":{"start":{"line":115,"column":6},"end":{"line":119,"column":39}},"42":{"start":{"line":122,"column":6},"end":{"line":124,"column":104}},"43":{"start":{"line":125,"column":6},"end":{"line":129,"column":23}},"44":{"start":{"line":130,"column":6},"end":{"line":135,"column":31}},"45":{"start":{"line":138,"column":6},"end":{"line":147,"column":11}},"46":{"start":{"line":143,"column":10},"end":{"line":146,"column":50}},"47":{"start":{"line":150,"column":6},"end":{"line":156,"column":56}},"48":{"start":{"line":153,"column":28},"end":{"line":153,"column":85}},"49":{"start":{"line":154,"column":35},"end":{"line":154,"column":62}},"50":{"start":{"line":155,"column":32},"end":{"line":155,"column":58}},"51":{"start":{"line":156,"column":32},"end":{"line":156,"column":54}},"52":{"start":{"line":159,"column":6},"end":{"line":181,"column":9}},"53":{"start":{"line":160,"column":8},"end":{"line":180,"column":10}},"54":{"start":{"line":162,"column":12},"end":{"line":162,"column":62}},"55":{"start":{"line":163,"column":12},"end":{"line":163,"column":80}},"56":{"start":{"line":164,"column":12},"end":{"line":164,"column":83}},"57":{"start":{"line":167,"column":12},"end":{"line":172,"column":85}},"58":{"start":{"line":175,"column":12},"end":{"line":178,"column":28}},"59":{"start":{"line":182,"column":6},"end":{"line":184,"column":9}},"60":{"start":{"line":183,"column":8},"end":{"line":183,"column":53}},"61":{"start":{"line":189,"column":4},"end":{"line":189,"column":38}},"62":{"start":{"line":190,"column":4},"end":{"line":193,"column":6}},"63":{"start":{"line":197,"column":4},"end":{"line":198,"column":90}}},"branchMap":{"1":{"line":36,"type":"if","locations":[{"start":{"line":36,"column":10},"end":{"line":36,"column":10}},{"start":{"line":36,"column":10},"end":{"line":36,"column":10}}]},"2":{"line":74,"type":"cond-expr","locations":[{"start":{"line":74,"column":40},"end":{"line":74,"column":66}},{"start":{"line":74,"column":69},"end":{"line":74,"column":89}}]},"3":{"line":84,"type":"if","locations":[{"start":{"line":84,"column":6},"end":{"line":84,"column":6}},{"start":{"line":84,"column":6},"end":{"line":84,"column":6}}]},"4":{"line":111,"type":"cond-expr","locations":[{"start":{"line":111,"column":33},"end":{"line":111,"column":54}},{"start":{"line":111,"column":57},"end":{"line":111,"column":73}}]},"5":{"line":153,"type":"cond-expr","locations":[{"start":{"line":153,"column":51},"end":{"line":153,"column":68}},{"start":{"line":153,"column":71},"end":{"line":153,"column":84}}]},"6":{"line":163,"type":"cond-expr","locations":[{"start":{"line":163,"column":57},"end":{"line":163,"column":74}},{"start":{"line":163,"column":77},"end":{"line":163,"column":79}}]},"7":{"line":164,"type":"cond-expr","locations":[{"start":{"line":164,"column":59},"end":{"line":164,"column":77}},{"start":{"line":164,"column":80},"end":{"line":164,"column":82}}]}}},"/media/physikerwelt/Windows/git/ag-gipp/vmext/lib/MathJaxRenderer/index.js":{"path":"/media/physikerwelt/Windows/git/ag-gipp/vmext/lib/MathJaxRenderer/index.js","s":{"1":1,"2":1},"b":{},"f":{},"fnMap":{},"statementMap":{"1":{"start":{"line":3,"column":0},"end":{"line":3,"column":53}},"2":{"start":{"line":5,"column":0},"end":{"line":5,"column":33}}},"branchMap":{}},"/media/physikerwelt/Windows/git/ag-gipp/vmext/lib/MathJaxRenderer/MathJaxRenderer.js":{"path":"/media/physikerwelt/Windows/git/ag-gipp/vmext/lib/MathJaxRenderer/MathJaxRenderer.js","s":{"1":1,"2":1,"3":1,"4":1,"5":1,"6":0,"7":0,"8":0,"9":0,"10":0,"11":0},"b":{"1":[0,0]},"f":{"1":0},"fnMap":{"1":{"name":"toMML","line":12,"loc":{"start":{"line":12,"column":4},"end":{"line":12,"column":24}}}},"statementMap":{"1":{"start":{"line":3,"column":0},"end":{"line":3,"column":29}},"2":{"start":{"line":4,"column":0},"end":{"line":4,"column":34}},"3":{"start":{"line":5,"column":0},"end":{"line":5,"column":43}},"4":{"start":{"line":7,"column":0},"end":{"line":30,"column":2}},"5":{"start":{"line":12,"column":4},"end":{"line":14,"column":5}},"6":{"start":{"line":13,"column":6},"end":{"line":13,"column":119}},"7":{"start":{"line":16,"column":4},"end":{"line":16,"column":63}},"8":{"start":{"line":17,"column":4},"end":{"line":28,"column":9}},"9":{"start":{"line":24,"column":19},"end":{"line":24,"column":27}},"10":{"start":{"line":26,"column":8},"end":{"line":26,"column":66}},"11":{"start":{"line":27,"column":8},"end":{"line":27,"column":59}}},"branchMap":{"1":{"line":16,"type":"cond-expr","locations":[{"start":{"line":16,"column":46},"end":{"line":16,"column":49}},{"start":{"line":16,"column":52},"end":{"line":16,"column":62}}]}}},"/media/physikerwelt/Windows/git/ag-gipp/vmext/lib/ASTRenderer/GraphRenderer.js":{"path":"/media/physikerwelt/Windows/git/ag-gipp/vmext/lib/ASTRenderer/GraphRenderer.js","s":{"1":1,"2":1,"3":1,"4":1,"5":0,"6":0,"7":0,"8":0,"9":0,"10":0,"11":0,"12":0,"13":0,"14":0,"15":0,"16":0,"17":0,"18":0,"19":0,"20":0,"21":0,"22":0,"23":0,"24":0,"25":0,"26":0,"27":0,"28":0,"29":0,"30":0,"31":0,"32":0,"33":0,"34":0,"35":0,"36":0,"37":0,"38":0,"39":0,"40":0,"41":0,"42":0,"43":0,"44":0,"45":0,"46":0,"47":0,"48":0,"49":0,"50":0,"51":0,"52":0,"53":0,"54":0,"55":0,"56":0,"57":0,"58":0,"59":0,"60":0,"61":0,"62":0,"63":0,"64":0,"65":0,"66":0,"67":0,"68":0,"69":0,"70":0,"71":0,"72":0,"73":0,"74":0,"75":0,"76":0,"77":0,"78":0,"79":0,"80":0,"81":0,"82":0,"83":0,"84":0,"85":0,"86":0,"87":0,"88":0,"89":0,"90":0,"91":0,"92":0,"93":0,"94":0,"95":0,"96":0,"97":0,"98":0,"99":0,"100":0,"101":0,"102":0,"103":0,"104":0,"105":0,"106":0,"107":0,"108":0,"109":0,"110":0,"111":0,"112":0},"b":{"1":[0,0],"2":[0,0],"3":[0,0],"4":[0,0],"5":[0,0],"6":[0,0],"7":[0,0],"8":[0,0],"9":[0,0],"10":[0,0],"11":[0,0],"12":[0,0],"13":[0,0],"14":[0,0],"15":[0,0],"16":[0,0],"17":[0,0],"18":[0,0]},"f":{"1":0,"2":0,"3":0,"4":0,"5":0,"6":0,"7":0,"8":0,"9":0,"10":0},"fnMap":{"1":{"name":"(anonymous_1)","line":14,"loc":{"start":{"line":14,"column":13},"end":{"line":14,"column":58}}},"2":{"name":"(anonymous_2)","line":26,"loc":{"start":{"line":26,"column":18},"end":{"line":26,"column":27}}},"3":{"name":"(anonymous_3)","line":45,"loc":{"start":{"line":45,"column":8},"end":{"line":45,"column":11}}},"4":{"name":"(anonymous_4)","line":66,"loc":{"start":{"line":66,"column":10},"end":{"line":66,"column":13}}},"5":{"name":"(anonymous_5)","line":73,"loc":{"start":{"line":73,"column":14},"end":{"line":73,"column":19}}},"6":{"name":"(anonymous_6)","line":103,"loc":{"start":{"line":103,"column":24},"end":{"line":103,"column":29}}},"7":{"name":"(anonymous_7)","line":137,"loc":{"start":{"line":137,"column":26},"end":{"line":137,"column":31}}},"8":{"name":"(anonymous_8)","line":188,"loc":{"start":{"line":188,"column":27},"end":{"line":188,"column":32}}},"9":{"name":"(anonymous_9)","line":239,"loc":{"start":{"line":239,"column":10},"end":{"line":239,"column":26}}},"10":{"name":"(anonymous_10)","line":301,"loc":{"start":{"line":301,"column":17},"end":{"line":301,"column":32}}}},"statementMap":{"1":{"start":{"line":3,"column":0},"end":{"line":3,"column":39}},"2":{"start":{"line":4,"column":0},"end":{"line":4,"column":55}},"3":{"start":{"line":5,"column":0},"end":{"line":5,"column":43}},"4":{"start":{"line":7,"column":0},"end":{"line":317,"column":2}},"5":{"start":{"line":15,"column":4},"end":{"line":15,"column":23}},"6":{"start":{"line":16,"column":4},"end":{"line":16,"column":22}},"7":{"start":{"line":17,"column":4},"end":{"line":17,"column":22}},"8":{"start":{"line":18,"column":4},"end":{"line":18,"column":37}},"9":{"start":{"line":27,"column":4},"end":{"line":27,"column":38}},"10":{"start":{"line":28,"column":4},"end":{"line":30,"column":7}},"11":{"start":{"line":31,"column":4},"end":{"line":33,"column":7}},"12":{"start":{"line":32,"column":6},"end":{"line":32,"column":32}},"13":{"start":{"line":34,"column":4},"end":{"line":38,"column":7}},"14":{"start":{"line":35,"column":6},"end":{"line":35,"column":37}},"15":{"start":{"line":37,"column":6},"end":{"line":37,"column":27}},"16":{"start":{"line":46,"column":4},"end":{"line":49,"column":6}},"17":{"start":{"line":50,"column":4},"end":{"line":50,"column":44}},"18":{"start":{"line":52,"column":4},"end":{"line":63,"column":7}},"19":{"start":{"line":53,"column":6},"end":{"line":55,"column":9}},"20":{"start":{"line":57,"column":6},"end":{"line":57,"column":40}},"21":{"start":{"line":58,"column":6},"end":{"line":58,"column":38}},"22":{"start":{"line":59,"column":6},"end":{"line":59,"column":41}},"23":{"start":{"line":60,"column":6},"end":{"line":60,"column":35}},"24":{"start":{"line":62,"column":6},"end":{"line":62,"column":37}},"25":{"start":{"line":67,"column":4},"end":{"line":67,"column":25}},"26":{"start":{"line":74,"column":4},"end":{"line":95,"column":7}},"27":{"start":{"line":75,"column":6},"end":{"line":94,"column":9}},"28":{"start":{"line":76,"column":8},"end":{"line":76,"column":110}},"29":{"start":{"line":77,"column":8},"end":{"line":77,"column":52}},"30":{"start":{"line":78,"column":8},"end":{"line":89,"column":13}},"31":{"start":{"line":80,"column":12},"end":{"line":80,"column":89}},"32":{"start":{"line":81,"column":12},"end":{"line":81,"column":46}},"33":{"start":{"line":82,"column":12},"end":{"line":88,"column":13}},"34":{"start":{"line":83,"column":14},"end":{"line":87,"column":19}},"35":{"start":{"line":85,"column":18},"end":{"line":85,"column":101}},"36":{"start":{"line":86,"column":18},"end":{"line":86,"column":55}},"37":{"start":{"line":91,"column":8},"end":{"line":91,"column":20}},"38":{"start":{"line":93,"column":8},"end":{"line":93,"column":29}},"39":{"start":{"line":104,"column":4},"end":{"line":129,"column":7}},"40":{"start":{"line":105,"column":6},"end":{"line":105,"column":56}},"41":{"start":{"line":106,"column":6},"end":{"line":106,"column":56}},"42":{"start":{"line":108,"column":6},"end":{"line":108,"column":90}},"43":{"start":{"line":108,"column":61},"end":{"line":108,"column":88}},"44":{"start":{"line":109,"column":6},"end":{"line":109,"column":90}},"45":{"start":{"line":109,"column":61},"end":{"line":109,"column":88}},"46":{"start":{"line":111,"column":6},"end":{"line":111,"column":80}},"47":{"start":{"line":113,"column":6},"end":{"line":120,"column":9}},"48":{"start":{"line":122,"column":6},"end":{"line":124,"column":41}},"49":{"start":{"line":126,"column":6},"end":{"line":128,"column":41}},"50":{"start":{"line":138,"column":4},"end":{"line":180,"column":7}},"51":{"start":{"line":140,"column":6},"end":{"line":140,"column":56}},"52":{"start":{"line":141,"column":6},"end":{"line":141,"column":56}},"53":{"start":{"line":143,"column":6},"end":{"line":143,"column":73}},"54":{"start":{"line":145,"column":6},"end":{"line":145,"column":80}},"55":{"start":{"line":147,"column":6},"end":{"line":147,"column":57}},"56":{"start":{"line":148,"column":6},"end":{"line":148,"column":57}},"57":{"start":{"line":151,"column":6},"end":{"line":151,"column":60}},"58":{"start":{"line":151,"column":48},"end":{"line":151,"column":58}},"59":{"start":{"line":152,"column":6},"end":{"line":152,"column":43}},"60":{"start":{"line":154,"column":6},"end":{"line":154,"column":46}},"61":{"start":{"line":156,"column":6},"end":{"line":156,"column":48}},"62":{"start":{"line":157,"column":6},"end":{"line":157,"column":55}},"63":{"start":{"line":157,"column":24},"end":{"line":157,"column":53}},"64":{"start":{"line":160,"column":6},"end":{"line":168,"column":7}},"65":{"start":{"line":161,"column":8},"end":{"line":167,"column":12}},"66":{"start":{"line":171,"column":6},"end":{"line":179,"column":7}},"67":{"start":{"line":172,"column":8},"end":{"line":178,"column":12}},"68":{"start":{"line":190,"column":4},"end":{"line":190,"column":39}},"69":{"start":{"line":192,"column":4},"end":{"line":192,"column":38}},"70":{"start":{"line":193,"column":4},"end":{"line":193,"column":41}},"71":{"start":{"line":195,"column":4},"end":{"line":224,"column":5}},"72":{"start":{"line":196,"column":6},"end":{"line":196,"column":30}},"73":{"start":{"line":197,"column":6},"end":{"line":197,"column":26}},"74":{"start":{"line":198,"column":6},"end":{"line":198,"column":32}},"75":{"start":{"line":199,"column":6},"end":{"line":223,"column":7}},"76":{"start":{"line":202,"column":8},"end":{"line":204,"column":9}},"77":{"start":{"line":203,"column":10},"end":{"line":203,"column":16}},"78":{"start":{"line":206,"column":8},"end":{"line":206,"column":55}},"79":{"start":{"line":209,"column":8},"end":{"line":209,"column":75}},"80":{"start":{"line":211,"column":8},"end":{"line":211,"column":66}},"81":{"start":{"line":213,"column":8},"end":{"line":219,"column":9}},"82":{"start":{"line":215,"column":10},"end":{"line":215,"column":69}},"83":{"start":{"line":215,"column":26},"end":{"line":215,"column":67}},"84":{"start":{"line":217,"column":10},"end":{"line":217,"column":44}},"85":{"start":{"line":218,"column":10},"end":{"line":218,"column":47}},"86":{"start":{"line":221,"column":8},"end":{"line":221,"column":27}},"87":{"start":{"line":222,"column":8},"end":{"line":222,"column":66}},"88":{"start":{"line":226,"column":4},"end":{"line":232,"column":7}},"89":{"start":{"line":227,"column":6},"end":{"line":227,"column":38}},"90":{"start":{"line":228,"column":6},"end":{"line":231,"column":7}},"91":{"start":{"line":229,"column":8},"end":{"line":229,"column":31}},"92":{"start":{"line":230,"column":8},"end":{"line":230,"column":32}},"93":{"start":{"line":240,"column":4},"end":{"line":282,"column":7}},"94":{"start":{"line":241,"column":6},"end":{"line":241,"column":27}},"95":{"start":{"line":243,"column":6},"end":{"line":280,"column":7}},"96":{"start":{"line":244,"column":8},"end":{"line":244,"column":38}},"97":{"start":{"line":245,"column":8},"end":{"line":245,"column":60}},"98":{"start":{"line":247,"column":8},"end":{"line":247,"column":27}},"99":{"start":{"line":248,"column":8},"end":{"line":248,"column":73}},"100":{"start":{"line":248,"column":30},"end":{"line":248,"column":71}},"101":{"start":{"line":249,"column":8},"end":{"line":249,"column":72}},"102":{"start":{"line":249,"column":44},"end":{"line":249,"column":70}},"103":{"start":{"line":251,"column":8},"end":{"line":261,"column":11}},"104":{"start":{"line":263,"column":8},"end":{"line":279,"column":9}},"105":{"start":{"line":264,"column":10},"end":{"line":278,"column":13}},"106":{"start":{"line":265,"column":12},"end":{"line":265,"column":60}},"107":{"start":{"line":266,"column":12},"end":{"line":274,"column":15}},"108":{"start":{"line":277,"column":12},"end":{"line":277,"column":30}},"109":{"start":{"line":281,"column":6},"end":{"line":281,"column":16}},"110":{"start":{"line":302,"column":4},"end":{"line":315,"column":7}},"111":{"start":{"line":303,"column":6},"end":{"line":314,"column":9}},"112":{"start":{"line":304,"column":8},"end":{"line":313,"column":11}}},"branchMap":{"1":{"line":76,"type":"cond-expr","locations":[{"start":{"line":76,"column":49},"end":{"line":76,"column":79}},{"start":{"line":76,"column":82},"end":{"line":76,"column":109}}]},"2":{"line":77,"type":"cond-expr","locations":[{"start":{"line":77,"column":27},"end":{"line":77,"column":42}},{"start":{"line":77,"column":45},"end":{"line":77,"column":51}}]},"3":{"line":82,"type":"if","locations":[{"start":{"line":82,"column":12},"end":{"line":82,"column":12}},{"start":{"line":82,"column":12},"end":{"line":82,"column":12}}]},"4":{"line":108,"type":"if","locations":[{"start":{"line":108,"column":6},"end":{"line":108,"column":6}},{"start":{"line":108,"column":6},"end":{"line":108,"column":6}}]},"5":{"line":109,"type":"if","locations":[{"start":{"line":109,"column":6},"end":{"line":109,"column":6}},{"start":{"line":109,"column":6},"end":{"line":109,"column":6}}]},"6":{"line":157,"type":"if","locations":[{"start":{"line":157,"column":6},"end":{"line":157,"column":6}},{"start":{"line":157,"column":6},"end":{"line":157,"column":6}}]},"7":{"line":160,"type":"if","locations":[{"start":{"line":160,"column":6},"end":{"line":160,"column":6}},{"start":{"line":160,"column":6},"end":{"line":160,"column":6}}]},"8":{"line":171,"type":"if","locations":[{"start":{"line":171,"column":6},"end":{"line":171,"column":6}},{"start":{"line":171,"column":6},"end":{"line":171,"column":6}}]},"9":{"line":199,"type":"binary-expr","locations":[{"start":{"line":199,"column":13},"end":{"line":199,"column":27}},{"start":{"line":199,"column":31},"end":{"line":199,"column":38}}]},"10":{"line":202,"type":"if","locations":[{"start":{"line":202,"column":8},"end":{"line":202,"column":8}},{"start":{"line":202,"column":8},"end":{"line":202,"column":8}}]},"11":{"line":211,"type":"binary-expr","locations":[{"start":{"line":211,"column":25},"end":{"line":211,"column":48}},{"start":{"line":211,"column":52},"end":{"line":211,"column":65}}]},"12":{"line":213,"type":"if","locations":[{"start":{"line":213,"column":8},"end":{"line":213,"column":8}},{"start":{"line":213,"column":8},"end":{"line":213,"column":8}}]},"13":{"line":215,"type":"if","locations":[{"start":{"line":215,"column":10},"end":{"line":215,"column":10}},{"start":{"line":215,"column":10},"end":{"line":215,"column":10}}]},"14":{"line":228,"type":"if","locations":[{"start":{"line":228,"column":6},"end":{"line":228,"column":6}},{"start":{"line":228,"column":6},"end":{"line":228,"column":6}}]},"15":{"line":228,"type":"binary-expr","locations":[{"start":{"line":228,"column":10},"end":{"line":228,"column":22}},{"start":{"line":228,"column":26},"end":{"line":228,"column":69}}]},"16":{"line":248,"type":"if","locations":[{"start":{"line":248,"column":8},"end":{"line":248,"column":8}},{"start":{"line":248,"column":8},"end":{"line":248,"column":8}}]},"17":{"line":249,"type":"if","locations":[{"start":{"line":249,"column":8},"end":{"line":249,"column":8}},{"start":{"line":249,"column":8},"end":{"line":249,"column":8}}]},"18":{"line":263,"type":"if","locations":[{"start":{"line":263,"column":8},"end":{"line":263,"column":8}},{"start":{"line":263,"column":8},"end":{"line":263,"column":8}}]}}},"/media/physikerwelt/Windows/git/ag-gipp/vmext/lib/ASTRenderer/SnapRenderer.js":{"path":"/media/physikerwelt/Windows/git/ag-gipp/vmext/lib/ASTRenderer/SnapRenderer.js","s":{"1":1,"2":1,"3":1,"4":1,"5":0,"6":0,"7":0,"8":0,"9":1,"10":0,"11":0,"12":0,"13":0,"14":0,"15":0,"16":0,"17":0,"18":0,"19":0,"20":0,"21":0,"22":0,"23":1,"24":0,"25":0,"26":0,"27":0,"28":0,"29":0,"30":0,"31":0,"32":0,"33":0,"34":0,"35":0,"36":0,"37":0,"38":0,"39":0,"40":0,"41":0,"42":0,"43":0,"44":0,"45":0,"46":0,"47":0,"48":0,"49":0,"50":0,"51":0,"52":0,"53":0,"54":0,"55":0,"56":0,"57":0,"58":0,"59":0,"60":0,"61":0,"62":0},"b":{"1":[0,0],"2":[0,0],"3":[0,0],"4":[0,0],"5":[0,0],"6":[0,0],"7":[0,0]},"f":{"1":0,"2":0,"3":0,"4":0},"fnMap":{"1":{"name":"getStream","line":8,"loc":{"start":{"line":8,"column":0},"end":{"line":8,"column":25}}},"2":{"name":"waitFor","line":27,"loc":{"start":{"line":27,"column":0},"end":{"line":27,"column":49}}},"3":{"name":"(anonymous_3)","line":51,"loc":{"start":{"line":51,"column":18},"end":{"line":51,"column":45}}},"4":{"name":"(anonymous_4)","line":81,"loc":{"start":{"line":81,"column":18},"end":{"line":81,"column":45}}}},"statementMap":{"1":{"start":{"line":4,"column":0},"end":{"line":4,"column":33}},"2":{"start":{"line":5,"column":0},"end":{"line":5,"column":35}},"3":{"start":{"line":6,"column":0},"end":{"line":6,"column":25}},"4":{"start":{"line":8,"column":0},"end":{"line":13,"column":1}},"5":{"start":{"line":9,"column":2},"end":{"line":9,"column":32}},"6":{"start":{"line":10,"column":2},"end":{"line":10,"column":15}},"7":{"start":{"line":11,"column":2},"end":{"line":11,"column":15}},"8":{"start":{"line":12,"column":2},"end":{"line":12,"column":11}},"9":{"start":{"line":27,"column":0},"end":{"line":48,"column":1}},"10":{"start":{"line":28,"column":2},"end":{"line":28,"column":49}},"11":{"start":{"line":29,"column":2},"end":{"line":29,"column":37}},"12":{"start":{"line":30,"column":2},"end":{"line":30,"column":26}},"13":{"start":{"line":31,"column":2},"end":{"line":47,"column":10}},"14":{"start":{"line":32,"column":4},"end":{"line":46,"column":5}},"15":{"start":{"line":34,"column":6},"end":{"line":36,"column":9}},"16":{"start":{"line":35,"column":8},"end":{"line":35,"column":24}},"17":{"start":{"line":37,"column":11},"end":{"line":46,"column":5}},"18":{"start":{"line":39,"column":6},"end":{"line":39,"column":43}},"19":{"start":{"line":40,"column":6},"end":{"line":40,"column":30}},"20":{"start":{"line":43,"column":6},"end":{"line":43,"column":89}},"21":{"start":{"line":44,"column":6},"end":{"line":44,"column":64}},"22":{"start":{"line":45,"column":6},"end":{"line":45,"column":30}},"23":{"start":{"line":50,"column":0},"end":{"line":111,"column":2}},"24":{"start":{"line":52,"column":4},"end":{"line":52,"column":62}},"25":{"start":{"line":53,"column":4},"end":{"line":53,"column":19}},"26":{"start":{"line":54,"column":4},"end":{"line":78,"column":30}},"27":{"start":{"line":55,"column":6},"end":{"line":55,"column":15}},"28":{"start":{"line":56,"column":6},"end":{"line":56,"column":29}},"29":{"start":{"line":59,"column":8},"end":{"line":59,"column":21}},"30":{"start":{"line":60,"column":8},"end":{"line":60,"column":71}},"31":{"start":{"line":61,"column":8},"end":{"line":61,"column":58}},"32":{"start":{"line":62,"column":8},"end":{"line":62,"column":76}},"33":{"start":{"line":65,"column":8},"end":{"line":65,"column":91}},"34":{"start":{"line":65,"column":36},"end":{"line":65,"column":89}},"35":{"start":{"line":67,"column":8},"end":{"line":70,"column":37}},"36":{"start":{"line":68,"column":10},"end":{"line":68,"column":39}},"37":{"start":{"line":69,"column":10},"end":{"line":69,"column":37}},"38":{"start":{"line":72,"column":18},"end":{"line":72,"column":76}},"39":{"start":{"line":74,"column":8},"end":{"line":74,"column":22}},"40":{"start":{"line":75,"column":8},"end":{"line":75,"column":19}},"41":{"start":{"line":76,"column":8},"end":{"line":76,"column":27}},"42":{"start":{"line":78,"column":18},"end":{"line":78,"column":28}},"43":{"start":{"line":82,"column":4},"end":{"line":82,"column":61}},"44":{"start":{"line":83,"column":4},"end":{"line":83,"column":62}},"45":{"start":{"line":84,"column":4},"end":{"line":84,"column":19}},"46":{"start":{"line":85,"column":4},"end":{"line":109,"column":30}},"47":{"start":{"line":86,"column":6},"end":{"line":86,"column":15}},"48":{"start":{"line":87,"column":6},"end":{"line":87,"column":29}},"49":{"start":{"line":90,"column":8},"end":{"line":90,"column":21}},"50":{"start":{"line":91,"column":8},"end":{"line":91,"column":71}},"51":{"start":{"line":92,"column":8},"end":{"line":92,"column":58}},"52":{"start":{"line":93,"column":8},"end":{"line":93,"column":75}},"53":{"start":{"line":96,"column":8},"end":{"line":96,"column":91}},"54":{"start":{"line":96,"column":36},"end":{"line":96,"column":89}},"55":{"start":{"line":98,"column":8},"end":{"line":101,"column":37}},"56":{"start":{"line":99,"column":10},"end":{"line":99,"column":39}},"57":{"start":{"line":100,"column":10},"end":{"line":100,"column":37}},"58":{"start":{"line":103,"column":18},"end":{"line":103,"column":62}},"59":{"start":{"line":105,"column":8},"end":{"line":105,"column":22}},"60":{"start":{"line":106,"column":8},"end":{"line":106,"column":19}},"61":{"start":{"line":107,"column":8},"end":{"line":107,"column":27}},"62":{"start":{"line":109,"column":18},"end":{"line":109,"column":28}}},"branchMap":{"1":{"line":28,"type":"binary-expr","locations":[{"start":{"line":28,"column":27},"end":{"line":28,"column":40}},{"start":{"line":28,"column":44},"end":{"line":28,"column":48}}]},"2":{"line":32,"type":"if","locations":[{"start":{"line":32,"column":4},"end":{"line":32,"column":4}},{"start":{"line":32,"column":4},"end":{"line":32,"column":4}}]},"3":{"line":32,"type":"binary-expr","locations":[{"start":{"line":32,"column":9},"end":{"line":32,"column":56}},{"start":{"line":32,"column":61},"end":{"line":32,"column":71}}]},"4":{"line":37,"type":"if","locations":[{"start":{"line":37,"column":11},"end":{"line":37,"column":11}},{"start":{"line":37,"column":11},"end":{"line":37,"column":11}}]},"5":{"line":44,"type":"cond-expr","locations":[{"start":{"line":44,"column":38},"end":{"line":44,"column":51}},{"start":{"line":44,"column":54},"end":{"line":44,"column":63}}]},"6":{"line":65,"type":"if","locations":[{"start":{"line":65,"column":8},"end":{"line":65,"column":8}},{"start":{"line":65,"column":8},"end":{"line":65,"column":8}}]},"7":{"line":96,"type":"if","locations":[{"start":{"line":96,"column":8},"end":{"line":96,"column":8}},{"start":{"line":96,"column":8},"end":{"line":96,"column":8}}]}}},"/media/physikerwelt/Windows/git/ag-gipp/vmext/errorHandler/ErrorHandler.js":{"path":"/media/physikerwelt/Windows/git/ag-gipp/vmext/errorHandler/ErrorHandler.js","s":{"1":1,"2":1,"3":1,"4":1,"5":0,"6":1,"7":0,"8":0,"9":0,"10":0,"11":0,"12":0,"13":0,"14":0,"15":0},"b":{"1":[0,0],"2":[0,0],"3":[0,0],"4":[0,0]},"f":{},"fnMap":{},"statementMap":{"1":{"start":{"line":3,"column":0},"end":{"line":3,"column":33}},"2":{"start":{"line":4,"column":0},"end":{"line":4,"column":28}},"3":{"start":{"line":6,"column":0},"end":{"line":27,"column":1}},"4":{"start":{"line":8,"column":2},"end":{"line":10,"column":4}},"5":{"start":{"line":9,"column":4},"end":{"line":9,"column":95}},"6":{"start":{"line":12,"column":2},"end":{"line":26,"column":4}},"7":{"start":{"line":13,"column":4},"end":{"line":13,"column":18}},"8":{"start":{"line":14,"column":4},"end":{"line":14,"column":56}},"9":{"start":{"line":15,"column":4},"end":{"line":18,"column":5}},"10":{"start":{"line":16,"column":6},"end":{"line":16,"column":40}},"11":{"start":{"line":17,"column":6},"end":{"line":17,"column":22}},"12":{"start":{"line":19,"column":4},"end":{"line":19,"column":51}},"13":{"start":{"line":20,"column":4},"end":{"line":25,"column":5}},"14":{"start":{"line":22,"column":6},"end":{"line":22,"column":55}},"15":{"start":{"line":24,"column":6},"end":{"line":24,"column":41}}},"branchMap":{"1":{"line":14,"type":"cond-expr","locations":[{"start":{"line":14,"column":36},"end":{"line":14,"column":50}},{"start":{"line":14,"column":53},"end":{"line":14,"column":56}}]},"2":{"line":15,"type":"if","locations":[{"start":{"line":15,"column":4},"end":{"line":15,"column":4}},{"start":{"line":15,"column":4},"end":{"line":15,"column":4}}]},"3":{"line":19,"type":"binary-expr","locations":[{"start":{"line":19,"column":15},"end":{"line":19,"column":42}},{"start":{"line":19,"column":46},"end":{"line":19,"column":49}}]},"4":{"line":20,"type":"if","locations":[{"start":{"line":20,"column":4},"end":{"line":20,"column":4}},{"start":{"line":20,"column":4},"end":{"line":20,"column":4}}]}}}}