TN:
SF:/home/physikerwelt/git/ag-gipp/vmext/server.js
FN:66,start
FNF:1
FNH:1
FNDA:5,start
DA:4,1
DA:6,1
DA:7,1
DA:10,1
DA:11,1
DA:12,1
DA:13,1
DA:14,1
DA:35,1
DA:37,1
DA:39,1
DA:42,1
DA:43,14
DA:44,14
DA:45,14
DA:48,1
DA:50,1
DA:52,1
DA:54,1
DA:63,1
DA:66,1
DA:67,5
DA:68,5
DA:69,5
DA:70,5
DA:71,5
DA:73,5
DA:78,1
DA:79,0
DA:82,1
LF:30
LH:29
BRDA:67,1,0,5
BRDA:67,1,1,5
BRDA:68,2,0,5
BRDA:68,2,1,5
BRDA:78,3,0,0
BRDA:78,3,1,1
BRF:6
BRH:5
end_of_record
TN:
SF:/home/physikerwelt/git/ag-gipp/vmext/lib/logger/index.js
FN:10,createLogDir
FNF:1
FNH:1
FNDA:1,createLogDir
DA:3,1
DA:4,1
DA:5,1
DA:6,1
DA:7,1
DA:10,1
DA:11,1
DA:12,1
DA:13,1
DA:16,1
DA:38,1
DA:46,1
DA:47,0
DA:54,0
DA:58,1
DA:60,1
DA:62,1
DA:63,1
LF:18
LH:16
BRDA:12,1,0,0
BRDA:12,1,1,1
BRDA:46,2,0,0
BRDA:46,2,1,1
BRF:4
BRH:2
end_of_record
TN:
SF:/home/physikerwelt/git/ag-gipp/vmext/config/config.js
FNF:0
FNH:0
DA:2,1
DA:3,1
DA:4,1
DA:5,1
DA:6,0
LF:5
LH:4
BRDA:5,1,0,0
BRDA:5,1,1,1
BRF:2
BRH:1
end_of_record
TN:
SF:/home/physikerwelt/git/ag-gipp/vmext/testData.js
FNF:0
FNH:0
DA:3,1
DA:4,1
DA:5,1
DA:6,1
DA:8,1
DA:10,1
DA:13,1
LF:7
LH:7
BRF:0
BRH:0
end_of_record
TN:
SF:/home/physikerwelt/git/ag-gipp/vmext/routes/routes.js
FNF:0
FNH:0
DA:3,1
DA:4,1
DA:5,1
DA:6,1
DA:8,1
DA:9,0
DA:12,1
DA:13,0
DA:16,1
DA:17,0
DA:20,1
DA:21,0
DA:22,0
DA:23,0
DA:24,0
DA:29,0
DA:35,0
DA:38,0
LF:18
LH:8
BRDA:23,1,0,0
BRDA:23,1,1,0
BRF:2
BRH:0
end_of_record
TN:
SF:/home/physikerwelt/git/ag-gipp/vmext/api/versions.js
FNF:0
FNH:0
DA:3,1
DA:4,1
DA:6,1
LF:3
LH:3
BRF:0
BRH:0
end_of_record
TN:
SF:/home/physikerwelt/git/ag-gipp/vmext/api/v1/APIv1Routes.js
FNF:0
FNH:0
DA:3,1
DA:4,1
DA:6,1
LF:3
LH:3
BRF:0
BRH:0
end_of_record
TN:
SF:/home/physikerwelt/git/ag-gipp/vmext/api/v1/routes/abstractSyntaxTreeRoutes.js
FNF:0
FNH:0
DA:3,1
DA:4,1
DA:5,1
DA:6,1
DA:7,1
DA:8,1
DA:81,1
DA:152,1
DA:230,1
DA:306,1
DA:389,1
DA:427,1
LF:12
LH:12
BRF:0
BRH:0
end_of_record
TN:
SF:/home/physikerwelt/git/ag-gipp/vmext/lib/RequestValidator/index.js
FNF:0
FNH:0
DA:3,1
DA:5,1
LF:2
LH:2
BRF:0
BRH:0
end_of_record
TN:
SF:/home/physikerwelt/git/ag-gipp/vmext/lib/RequestValidator/RequestValidator.js
FN:8,(anonymous_1)
FN:9,(anonymous_2)
FN:17,(anonymous_3)
FN:18,(anonymous_4)
FNF:4
FNH:4
FNDA:6,(anonymous_1)
FNDA:10,(anonymous_2)
FNDA:6,(anonymous_3)
FNDA:4,(anonymous_4)
DA:3,1
DA:4,1
DA:5,1
DA:7,1
DA:9,6
DA:10,10
DA:11,6
DA:13,4
DA:18,6
DA:19,4
DA:20,12
DA:21,4
DA:22,4
DA:24,0
DA:26,8
DA:27,0
DA:29,8
DA:30,0
DA:32,8
DA:35,4
LF:20
LH:17
BRDA:10,1,0,6
BRDA:10,1,1,4
BRDA:10,2,0,10
BRDA:10,2,1,10
BRDA:10,3,0,10
BRDA:10,3,1,6
BRDA:20,4,0,4
BRDA:20,4,1,8
BRDA:26,5,0,0
BRDA:26,5,1,8
BRDA:29,6,0,0
BRDA:29,6,1,8
BRF:12
BRH:10
end_of_record
TN:
SF:/home/physikerwelt/git/ag-gipp/vmext/lib/RequestValidator/TypeParsingMap.js
FN:7,(anonymous_1)
FN:14,(anonymous_2)
FN:17,(anonymous_3)
FN:25,(anonymous_4)
FN:28,(anonymous_5)
FNF:5
FNH:2
FNDA:0,(anonymous_1)
FNDA:3,(anonymous_2)
FNDA:0,(anonymous_3)
FNDA:1,(anonymous_4)
FNDA:0,(anonymous_5)
DA:3,1
DA:4,1
DA:6,1
DA:8,0
DA:9,0
DA:11,0
DA:15,3
DA:18,0
DA:19,0
DA:20,0
DA:22,0
DA:26,1
DA:29,0
DA:30,0
DA:31,0
LF:15
LH:5
BRDA:8,1,0,0
BRDA:8,1,1,0
BRDA:8,2,0,0
BRDA:8,2,1,0
BRDA:19,3,0,0
BRDA:19,3,1,0
BRDA:30,4,0,0
BRDA:30,4,1,0
BRF:8
BRH:0
end_of_record
TN:
SF:/home/physikerwelt/git/ag-gipp/vmext/api/v1/controller/AbstractSyntaxTreeController.js
FNF:0
FNH:0
DA:3,1
DA:4,1
DA:5,1
DA:6,1
DA:7,1
DA:8,1
DA:11,1
DA:13,1
DA:20,0
DA:22,1
DA:26,1
DA:27,1
DA:34,1
DA:35,1
DA:38,0
DA:39,0
DA:41,0
DA:42,0
DA:44,0
DA:46,0
DA:51,0
DA:57,1
DA:62,1
DA:67,1
DA:70,0
DA:71,0
DA:72,0
DA:73,0
DA:77,0
DA:80,0
DA:85,1
DA:91,0
DA:95,0
DA:97,0
DA:99,0
DA:104,0
DA:108,0
DA:110,0
DA:113,0
DA:116,0
DA:121,1
DA:122,0
DA:124,1
LF:43
LH:19
BRDA:26,1,0,1
BRDA:26,1,1,1
BRDA:70,2,0,0
BRDA:70,2,1,0
BRF:4
BRH:2
end_of_record
TN:
SF:/home/physikerwelt/git/ag-gipp/vmext/lib/ASTParser/index.js
FNF:0
FNH:0
DA:3,1
DA:5,1
LF:2
LH:2
BRF:0
BRH:0
end_of_record
TN:
SF:/home/physikerwelt/git/ag-gipp/vmext/lib/ASTParser/ASTParser.js
FN:10,addTextLength
FN:22,getNodePos
FN:43,serialize
FN:53,extractPresentation
FN:63,attachInfo
FN:80,(anonymous_6)
FN:90,(anonymous_7)
FN:103,(anonymous_8)
FN:116,(anonymous_9)
FN:129,(anonymous_10)
FN:190,(anonymous_11)
FN:229,(anonymous_12)
FN:237,(anonymous_13)
FNF:13
FNH:4
FNDA:0,addTextLength
FNDA:0,getNodePos
FNDA:0,serialize
FNDA:0,extractPresentation
FNDA:0,attachInfo
FNDA:3,(anonymous_6)
FNDA:6,(anonymous_7)
FNDA:3,(anonymous_8)
FNDA:3,(anonymous_9)
FNDA:0,(anonymous_10)
FNDA:0,(anonymous_11)
FNDA:0,(anonymous_12)
FNDA:0,(anonymous_13)
DA:3,1
DA:4,1
DA:5,1
DA:6,1
DA:7,1
DA:10,1
DA:11,0
DA:12,0
DA:13,0
DA:14,0
DA:15,0
DA:17,0
DA:22,1
DA:23,0
DA:27,0
DA:28,0
DA:29,0
DA:31,0
DA:34,0
DA:35,0
DA:39,0
DA:43,1
DA:44,0
DA:45,0
DA:46,0
DA:48,0
DA:50,0
DA:53,1
DA:54,0
DA:55,0
DA:56,0
DA:57,0
DA:59,0
DA:63,1
DA:64,0
DA:65,0
DA:66,0
DA:67,0
DA:68,0
DA:69,0
DA:71,0
DA:73,0
DA:74,0
DA:75,0
DA:78,1
DA:81,3
DA:82,3
DA:83,3
DA:91,6
DA:92,6
DA:93,6
DA:94,0
DA:95,0
DA:96,6
DA:97,3
DA:100,6
DA:104,3
DA:105,3
DA:106,3
DA:107,0
DA:110,3
DA:111,3
DA:117,3
DA:118,3
DA:119,3
DA:120,3
DA:121,3
DA:124,0
DA:126,0
DA:130,0
DA:132,0
DA:133,0
DA:134,0
DA:135,0
DA:136,0
DA:137,0
DA:138,0
DA:139,0
DA:141,0
DA:143,0
DA:144,0
DA:146,0
DA:147,0
DA:148,0
DA:150,0
DA:151,0
DA:152,0
DA:155,0
DA:156,0
DA:157,0
DA:173,0
DA:174,0
DA:175,0
DA:191,0
DA:192,0
DA:193,0
DA:195,0
DA:196,0
DA:198,0
DA:199,0
DA:200,0
DA:201,0
DA:202,0
DA:204,0
DA:205,0
DA:206,0
DA:207,0
DA:208,0
DA:210,0
DA:212,0
DA:215,0
DA:216,0
DA:230,0
DA:231,0
DA:232,0
DA:234,0
DA:238,0
LF:117
LH:30
BRDA:14,1,0,0
BRDA:14,1,1,0
BRDA:27,2,0,0
BRDA:27,2,1,0
BRDA:27,3,0,0
BRDA:27,3,1,0
BRDA:29,4,0,0
BRDA:29,4,1,0
BRDA:44,5,0,0
BRDA:44,5,1,0
BRDA:45,6,0,0
BRDA:45,6,1,0
BRDA:55,7,0,0
BRDA:55,7,1,0
BRDA:55,8,0,0
BRDA:55,8,1,0
BRDA:56,9,0,0
BRDA:56,9,1,0
BRDA:56,10,0,0
BRDA:56,10,1,0
BRDA:65,11,0,0
BRDA:65,11,1,0
BRDA:68,12,0,0
BRDA:68,12,1,0
BRDA:93,13,0,0
BRDA:93,13,1,6
BRDA:93,14,0,6
BRDA:93,14,1,6
BRDA:93,14,2,3
BRDA:96,15,0,3
BRDA:96,15,1,3
BRDA:119,16,0,3
BRDA:119,16,1,0
BRDA:120,17,0,3
BRDA:120,17,1,0
BRDA:135,18,0,0
BRDA:135,18,1,0
BRDA:137,19,0,0
BRDA:137,19,1,0
BRDA:143,20,0,0
BRDA:143,20,1,0
BRDA:147,21,0,0
BRDA:147,21,1,0
BRDA:150,22,0,0
BRDA:150,22,1,0
BRDA:155,23,0,0
BRDA:155,23,1,0
BRDA:174,24,0,0
BRDA:174,24,1,0
BRDA:184,25,0,0
BRDA:184,25,1,0
BRDA:185,26,0,0
BRDA:185,26,1,0
BRDA:192,27,0,0
BRDA:192,27,1,0
BRDA:200,28,0,0
BRDA:200,28,1,0
BRDA:207,29,0,0
BRDA:207,29,1,0
BRDA:215,30,0,0
BRDA:215,30,1,0
BRDA:221,31,0,0
BRDA:221,31,1,0
BRDA:223,32,0,0
BRDA:223,32,1,0
BRDA:224,33,0,0
BRDA:224,33,1,0
BRDA:231,34,0,0
BRDA:231,34,1,0
BRF:69
BRH:8
end_of_record
TN:
SF:/home/physikerwelt/git/ag-gipp/vmext/lib/ASTRenderer/index.js
FNF:0
FNH:0
DA:3,1
DA:4,1
DA:6,1
LF:3
LH:3
BRF:0
BRH:0
end_of_record
TN:
SF:/home/physikerwelt/git/ag-gipp/vmext/lib/ASTRenderer/SimpleRenderer.js
FN:13,(anonymous_1)
FN:51,(anonymous_2)
FN:69,(anonymous_3)
FN:159,(anonymous_4)
FN:188,(anonymous_5)
FN:196,(anonymous_6)
FNF:6
FNH:0
FNDA:0,(anonymous_1)
FNDA:0,(anonymous_2)
FNDA:0,(anonymous_3)
FNDA:0,(anonymous_4)
FNDA:0,(anonymous_5)
FNDA:0,(anonymous_6)
DA:3,1
DA:4,1
DA:5,1
DA:6,1
DA:7,1
DA:8,1
DA:9,1
DA:10,1
DA:12,1
DA:14,0
DA:20,0
DA:28,0
DA:29,0
DA:31,0
DA:32,0
DA:36,0
DA:37,0
DA:38,0
DA:43,0
DA:44,0
DA:52,0
DA:61,0
DA:62,0
DA:64,0
DA:70,0
DA:71,0
DA:74,0
DA:75,0
DA:79,0
DA:82,0
DA:84,0
DA:85,0
DA:89,0
DA:95,0
DA:97,0
DA:98,0
DA:105,0
DA:109,0
DA:111,0
DA:115,0
DA:122,0
DA:125,0
DA:130,0
DA:138,0
DA:143,0
DA:150,0
DA:153,0
DA:154,0
DA:155,0
DA:156,0
DA:159,0
DA:160,0
DA:162,0
DA:163,0
DA:164,0
DA:167,0
DA:175,0
DA:182,0
DA:183,0
DA:189,0
DA:190,0
DA:197,0
LF:62
LH:9
BRDA:36,1,0,0
BRDA:36,1,1,0
BRDA:74,2,0,0
BRDA:74,2,1,0
BRDA:84,3,0,0
BRDA:84,3,1,0
BRDA:111,4,0,0
BRDA:111,4,1,0
BRDA:153,5,0,0
BRDA:153,5,1,0
BRDA:163,6,0,0
BRDA:163,6,1,0
BRDA:164,7,0,0
BRDA:164,7,1,0
BRF:14
BRH:0
end_of_record
TN:
SF:/home/physikerwelt/git/ag-gipp/vmext/lib/MathJaxRenderer/index.js
FNF:0
FNH:0
DA:3,1
DA:5,1
LF:2
LH:2
BRF:0
BRH:0
end_of_record
TN:
SF:/home/physikerwelt/git/ag-gipp/vmext/lib/MathJaxRenderer/MathJaxRenderer.js
FN:12,toMML
FNF:1
FNH:1
FNDA:1,toMML
DA:3,1
DA:4,1
DA:5,1
DA:7,1
DA:12,1
DA:13,1
DA:16,2
DA:17,2
DA:24,0
DA:26,2
DA:27,2
LF:11
LH:10
BRDA:16,1,0,1
BRDA:16,1,1,1
BRDA:16,2,0,2
BRDA:16,2,1,1
BRDA:16,2,2,1
BRF:5
BRH:5
end_of_record
TN:
SF:/home/physikerwelt/git/ag-gipp/vmext/lib/ASTRenderer/GraphRenderer.js
FN:16,(anonymous_1)
FN:28,(anonymous_2)
FN:45,(anonymous_3)
FN:66,(anonymous_4)
FN:73,(anonymous_5)
FN:113,(anonymous_6)
FN:147,(anonymous_7)
FN:198,(anonymous_8)
FN:249,(anonymous_9)
FN:316,(anonymous_10)
FNF:10
FNH:0
FNDA:0,(anonymous_1)
FNDA:0,(anonymous_2)
FNDA:0,(anonymous_3)
FNDA:0,(anonymous_4)
FNDA:0,(anonymous_5)
FNDA:0,(anonymous_6)
FNDA:0,(anonymous_7)
FNDA:0,(anonymous_8)
FNDA:0,(anonymous_9)
FNDA:0,(anonymous_10)
DA:3,1
DA:4,1
DA:5,1
DA:6,1
DA:9,1
DA:17,0
DA:18,0
DA:19,0
DA:20,0
DA:29,0
DA:30,0
DA:33,0
DA:34,0
DA:36,0
DA:37,0
DA:46,0
DA:50,0
DA:52,0
DA:53,0
DA:57,0
DA:58,0
DA:59,0
DA:60,0
DA:62,0
DA:67,0
DA:74,0
DA:75,0
DA:76,0
DA:77,0
DA:78,0
DA:79,0
DA:81,0
DA:82,0
DA:83,0
DA:84,0
DA:85,0
DA:87,0
DA:89,0
DA:90,0
DA:91,0
DA:92,0
DA:94,0
DA:95,0
DA:100,0
DA:102,0
DA:103,0
DA:114,0
DA:115,0
DA:116,0
DA:118,0
DA:119,0
DA:121,0
DA:123,0
DA:132,0
DA:136,0
DA:148,0
DA:150,0
DA:151,0
DA:153,0
DA:155,0
DA:157,0
DA:158,0
DA:161,0
DA:162,0
DA:164,0
DA:166,0
DA:167,0
DA:170,0
DA:171,0
DA:181,0
DA:182,0
DA:200,0
DA:202,0
DA:203,0
DA:205,0
DA:206,0
DA:207,0
DA:208,0
DA:209,0
DA:212,0
DA:213,0
DA:216,0
DA:219,0
DA:221,0
DA:223,0
DA:225,0
DA:227,0
DA:228,0
DA:231,0
DA:232,0
DA:236,0
DA:237,0
DA:238,0
DA:239,0
DA:240,0
DA:250,0
DA:251,0
DA:253,0
DA:254,0
DA:255,0
DA:257,0
DA:258,0
DA:259,0
DA:261,0
DA:278,0
DA:279,0
DA:280,0
DA:281,0
DA:292,0
DA:296,0
DA:317,0
DA:318,0
DA:319,0
LF:113
LH:5
BRDA:76,1,0,0
BRDA:76,1,1,0
BRDA:77,2,0,0
BRDA:77,2,1,0
BRDA:78,3,0,0
BRDA:78,3,1,0
BRDA:91,4,0,0
BRDA:91,4,1,0
BRDA:118,5,0,0
BRDA:118,5,1,0
BRDA:119,6,0,0
BRDA:119,6,1,0
BRDA:167,7,0,0
BRDA:167,7,1,0
BRDA:170,8,0,0
BRDA:170,8,1,0
BRDA:181,9,0,0
BRDA:181,9,1,0
BRDA:209,10,0,0
BRDA:209,10,1,0
BRDA:212,11,0,0
BRDA:212,11,1,0
BRDA:221,12,0,0
BRDA:221,12,1,0
BRDA:223,13,0,0
BRDA:223,13,1,0
BRDA:225,14,0,0
BRDA:225,14,1,0
BRDA:238,15,0,0
BRDA:238,15,1,0
BRDA:238,16,0,0
BRDA:238,16,1,0
BRDA:258,17,0,0
BRDA:258,17,1,0
BRDA:259,18,0,0
BRDA:259,18,1,0
BRDA:278,19,0,0
BRDA:278,19,1,0
BRF:38
BRH:0
end_of_record
TN:
SF:/home/physikerwelt/git/ag-gipp/vmext/lib/ASTRenderer/SnapRenderer.js
FN:8,(anonymous_1)
FN:24,(anonymous_2)
FN:38,(anonymous_3)
FN:55,(anonymous_4)
FNF:4
FNH:0
FNDA:0,(anonymous_1)
FNDA:0,(anonymous_2)
FNDA:0,(anonymous_3)
FNDA:0,(anonymous_4)
DA:4,1
DA:5,1
DA:7,1
DA:9,0
DA:10,0
DA:11,0
DA:12,0
DA:13,0
DA:16,0
DA:17,0
DA:18,0
DA:19,0
DA:22,0
DA:24,0
DA:25,0
DA:26,0
DA:29,0
DA:31,0
DA:32,0
DA:33,0
DA:35,0
DA:39,0
DA:40,0
DA:41,0
DA:42,0
DA:43,0
DA:44,0
DA:47,0
DA:48,0
DA:49,0
DA:50,0
DA:53,0
DA:55,0
DA:56,0
DA:57,0
DA:60,0
DA:62,0
DA:63,0
DA:64,0
DA:66,0
LF:40
LH:3
BRDA:22,1,0,0
BRDA:22,1,1,0
BRDA:53,2,0,0
BRDA:53,2,1,0
BRF:4
BRH:0
end_of_record
TN:
SF:/home/physikerwelt/git/ag-gipp/vmext/errorHandler/ErrorHandler.js
FNF:0
FNH:0
DA:3,1
DA:4,1
DA:5,1
DA:7,1
DA:9,1
DA:10,1
DA:13,1
DA:14,11
DA:15,11
DA:16,11
DA:17,0
DA:18,0
DA:20,11
DA:21,11
DA:23,0
DA:25,11
LF:16
LH:13
BRDA:15,1,0,0
BRDA:15,1,1,11
BRDA:16,2,0,0
BRDA:16,2,1,11
BRDA:20,3,0,11
BRDA:20,3,1,0
BRDA:21,4,0,0
BRDA:21,4,1,11
BRF:8
BRH:4
end_of_record
