TN:
SF:/home/physikerwelt/git/ag-gipp/vmext/server.js
FN:66,start
FNF:1
FNH:1
FNDA:5,start
DA:4,1
DA:6,1
DA:7,1
DA:10,1
DA:11,1
DA:12,1
DA:13,1
DA:14,1
DA:35,1
DA:37,1
DA:39,1
DA:42,1
DA:43,32
DA:44,32
DA:45,32
DA:48,1
DA:50,1
DA:52,1
DA:54,1
DA:63,1
DA:66,1
DA:67,5
DA:68,5
DA:69,5
DA:70,0
DA:71,0
DA:73,0
DA:78,1
DA:79,0
DA:82,1
LF:30
LH:26
BRDA:67,1,0,5
BRDA:67,1,1,5
BRDA:68,2,0,5
BRDA:68,2,1,5
BRDA:78,3,0,0
BRDA:78,3,1,1
BRF:6
BRH:5
end_of_record
TN:
SF:/home/physikerwelt/git/ag-gipp/vmext/lib/logger/index.js
FN:10,createLogDir
FNF:1
FNH:1
FNDA:1,createLogDir
DA:3,1
DA:4,1
DA:5,1
DA:6,1
DA:7,1
DA:10,1
DA:11,1
DA:12,1
DA:13,0
DA:15,1
DA:18,1
DA:40,1
DA:48,1
DA:49,0
DA:56,0
DA:60,1
DA:62,1
DA:64,1
DA:65,1
LF:19
LH:16
BRDA:12,1,0,0
BRDA:12,1,1,1
BRDA:48,2,0,0
BRDA:48,2,1,1
BRF:4
BRH:2
end_of_record
TN:
SF:/home/physikerwelt/git/ag-gipp/vmext/config/config.js
FNF:0
FNH:0
DA:2,1
DA:3,1
DA:4,1
DA:5,1
DA:6,0
LF:5
LH:4
BRDA:5,1,0,0
BRDA:5,1,1,1
BRF:2
BRH:1
end_of_record
TN:
SF:/home/physikerwelt/git/ag-gipp/vmext/testData.js
FNF:0
FNH:0
DA:3,1
DA:4,1
DA:5,13
DA:6,1
DA:8,1
DA:10,1
DA:13,1
LF:7
LH:7
BRF:0
BRH:0
end_of_record
TN:
SF:/home/physikerwelt/git/ag-gipp/vmext/routes/routes.js
FNF:0
FNH:0
DA:3,1
DA:4,1
DA:5,1
DA:6,1
DA:8,1
DA:9,0
DA:12,1
DA:13,0
DA:16,1
DA:17,0
DA:20,1
DA:21,0
DA:22,0
DA:23,0
DA:24,0
DA:29,0
DA:35,0
DA:38,0
LF:18
LH:8
BRDA:23,1,0,0
BRDA:23,1,1,0
BRF:2
BRH:0
end_of_record
TN:
SF:/home/physikerwelt/git/ag-gipp/vmext/api/versions.js
FNF:0
FNH:0
DA:3,1
DA:4,1
DA:6,1
LF:3
LH:3
BRF:0
BRH:0
end_of_record
TN:
SF:/home/physikerwelt/git/ag-gipp/vmext/api/v1/APIv1Routes.js
FNF:0
FNH:0
DA:3,1
DA:4,1
DA:6,1
LF:3
LH:3
BRF:0
BRH:0
end_of_record
TN:
SF:/home/physikerwelt/git/ag-gipp/vmext/api/v1/routes/abstractSyntaxTreeRoutes.js
FNF:0
FNH:0
DA:3,1
DA:4,1
DA:5,1
DA:6,1
DA:7,1
DA:8,1
DA:81,1
DA:152,1
DA:230,1
DA:306,1
DA:389,1
DA:427,1
LF:12
LH:12
BRF:0
BRH:0
end_of_record
TN:
SF:/home/physikerwelt/git/ag-gipp/vmext/lib/RequestValidator/index.js
FNF:0
FNH:0
DA:3,1
DA:5,1
LF:2
LH:2
BRF:0
BRH:0
end_of_record
TN:
SF:/home/physikerwelt/git/ag-gipp/vmext/lib/RequestValidator/RequestValidator.js
FN:8,(anonymous_1)
FN:9,(anonymous_2)
FN:17,(anonymous_3)
FN:18,(anonymous_4)
FNF:4
FNH:4
FNDA:6,(anonymous_1)
FNDA:28,(anonymous_2)
FNDA:6,(anonymous_3)
FNDA:22,(anonymous_4)
DA:3,1
DA:4,1
DA:5,1
DA:7,1
DA:9,6
DA:10,28
DA:11,6
DA:13,22
DA:18,6
DA:19,22
DA:20,74
DA:21,30
DA:22,30
DA:24,0
DA:26,44
DA:27,0
DA:29,44
DA:30,0
DA:32,44
DA:35,22
LF:20
LH:17
BRDA:10,1,0,6
BRDA:10,1,1,22
BRDA:10,2,0,28
BRDA:10,2,1,28
BRDA:10,3,0,28
BRDA:10,3,1,6
BRDA:20,4,0,30
BRDA:20,4,1,44
BRDA:26,5,0,0
BRDA:26,5,1,44
BRDA:29,6,0,0
BRDA:29,6,1,44
BRF:12
BRH:10
end_of_record
TN:
SF:/home/physikerwelt/git/ag-gipp/vmext/lib/RequestValidator/TypeParsingMap.js
FN:7,(anonymous_1)
FN:14,(anonymous_2)
FN:17,(anonymous_3)
FN:27,(anonymous_4)
FN:30,(anonymous_5)
FNF:5
FNH:3
FNDA:0,(anonymous_1)
FNDA:22,(anonymous_2)
FNDA:4,(anonymous_3)
FNDA:4,(anonymous_4)
FNDA:0,(anonymous_5)
DA:3,1
DA:4,1
DA:6,1
DA:8,0
DA:9,0
DA:11,0
DA:15,22
DA:18,4
DA:19,4
DA:20,0
DA:22,4
DA:24,0
DA:28,4
DA:31,0
DA:32,0
DA:33,0
DA:35,0
LF:17
LH:8
BRDA:8,1,0,0
BRDA:8,1,1,0
BRDA:8,2,0,0
BRDA:8,2,1,0
BRDA:19,3,0,0
BRDA:19,3,1,4
BRDA:32,4,0,0
BRDA:32,4,1,0
BRF:8
BRH:1
end_of_record
TN:
SF:/home/physikerwelt/git/ag-gipp/vmext/api/v1/controller/AbstractSyntaxTreeController.js
FNF:0
FNH:0
DA:3,1
DA:4,1
DA:5,1
DA:6,1
DA:7,1
DA:8,1
DA:11,1
DA:13,5
DA:20,4
DA:22,1
DA:26,5
DA:27,5
DA:34,1
DA:35,1
DA:38,4
DA:39,4
DA:41,0
DA:42,4
DA:44,0
DA:46,4
DA:51,4
DA:57,1
DA:62,4
DA:67,4
DA:70,3
DA:71,3
DA:72,3
DA:73,3
DA:77,3
DA:80,3
DA:85,1
DA:91,2
DA:95,1
DA:97,1
DA:99,1
DA:104,2
DA:108,1
DA:110,1
DA:113,1
DA:116,1
DA:121,4
DA:122,3
DA:124,1
LF:43
LH:41
BRDA:26,1,0,5
BRDA:26,1,1,5
BRDA:70,2,0,3
BRDA:70,2,1,3
BRF:4
BRH:4
end_of_record
TN:
SF:/home/physikerwelt/git/ag-gipp/vmext/lib/ASTParser/index.js
FNF:0
FNH:0
DA:3,1
DA:5,1
LF:2
LH:2
BRF:0
BRH:0
end_of_record
TN:
SF:/home/physikerwelt/git/ag-gipp/vmext/lib/ASTParser/ASTParser.js
FN:10,addTextLength
FN:22,getNodePos
FN:43,serialize
FN:53,extractPresentation
FN:63,attachInfo
FN:80,(anonymous_6)
FN:90,(anonymous_7)
FN:103,(anonymous_8)
FN:116,(anonymous_9)
FN:129,(anonymous_10)
FN:190,(anonymous_11)
FN:229,(anonymous_12)
FN:237,(anonymous_13)
FNF:13
FNH:13
FNDA:767,addTextLength
FNDA:2409,getNodePos
FNDA:409,serialize
FNDA:896,extractPresentation
FNDA:448,attachInfo
FNDA:22,(anonymous_6)
FNDA:1140,(anonymous_7)
FNDA:22,(anonymous_8)
FNDA:22,(anonymous_9)
FNDA:165,(anonymous_10)
FNDA:431,(anonymous_11)
FNDA:256,(anonymous_12)
FNDA:448,(anonymous_13)
DA:3,1
DA:4,1
DA:5,1
DA:6,1
DA:7,1
DA:10,1
DA:11,767
DA:12,767
DA:13,767
DA:14,767
DA:15,3
DA:17,764
DA:22,1
DA:23,2409
DA:27,2409
DA:28,1552
DA:29,1552
DA:31,785
DA:34,767
DA:35,767
DA:39,2409
DA:43,1
DA:44,409
DA:45,409
DA:46,0
DA:48,409
DA:50,0
DA:53,1
DA:54,896
DA:55,896
DA:56,409
DA:57,409
DA:59,409
DA:63,1
DA:64,448
DA:65,448
DA:66,25
DA:67,25
DA:68,423
DA:69,0
DA:71,448
DA:73,448
DA:74,448
DA:75,448
DA:78,1
DA:81,22
DA:82,22
DA:83,22
DA:91,1140
DA:92,3254
DA:93,3254
DA:94,1560
DA:95,1560
DA:96,1694
DA:97,1118
DA:100,1140
DA:104,22
DA:105,22
DA:106,22
DA:107,17
DA:110,5
DA:111,5
DA:117,22
DA:118,22
DA:119,22
DA:120,7
DA:121,5
DA:124,2
DA:126,17
DA:130,165
DA:132,165
DA:133,165
DA:134,165
DA:135,165
DA:136,165
DA:137,0
DA:138,0
DA:139,0
DA:141,0
DA:143,165
DA:144,0
DA:146,165
DA:147,165
DA:148,162
DA:150,165
DA:151,32
DA:152,51
DA:155,165
DA:156,11
DA:157,14
DA:173,165
DA:174,165
DA:175,165
DA:191,431
DA:192,431
DA:193,148
DA:195,283
DA:196,283
DA:198,283
DA:199,283
DA:200,283
DA:201,256
DA:202,256
DA:204,27
DA:205,27
DA:206,27
DA:207,27
DA:208,0
DA:210,27
DA:212,283
DA:215,283
DA:216,283
DA:230,256
DA:231,256
DA:232,244
DA:234,12
DA:238,448
LF:117
LH:108
BRDA:14,1,0,3
BRDA:14,1,1,764
BRDA:27,2,0,1552
BRDA:27,2,1,857
BRDA:27,3,0,2409
BRDA:27,3,1,1642
BRDA:29,4,0,785
BRDA:29,4,1,767
BRDA:44,5,0,409
BRDA:44,5,1,0
BRDA:45,6,0,0
BRDA:45,6,1,409
BRDA:55,7,0,409
BRDA:55,7,1,487
BRDA:55,8,0,896
BRDA:55,8,1,613
BRDA:56,9,0,409
BRDA:56,9,1,0
BRDA:56,10,0,409
BRDA:56,10,1,409
BRDA:65,11,0,25
BRDA:65,11,1,423
BRDA:68,12,0,0
BRDA:68,12,1,423
BRDA:93,13,0,1560
BRDA:93,13,1,1694
BRDA:93,14,0,3254
BRDA:93,14,1,3248
BRDA:93,14,2,2130
BRDA:96,15,0,1118
BRDA:96,15,1,576
BRDA:119,16,0,7
BRDA:119,16,1,15
BRDA:120,17,0,5
BRDA:120,17,1,2
BRDA:135,18,0,165
BRDA:135,18,1,0
BRDA:137,19,0,0
BRDA:137,19,1,0
BRDA:143,20,0,0
BRDA:143,20,1,165
BRDA:147,21,0,162
BRDA:147,21,1,3
BRDA:150,22,0,32
BRDA:150,22,1,133
BRDA:155,23,0,11
BRDA:155,23,1,154
BRDA:174,24,0,162
BRDA:174,24,1,3
BRDA:184,25,0,165
BRDA:184,25,1,133
BRDA:185,26,0,165
BRDA:185,26,1,154
BRDA:192,27,0,148
BRDA:192,27,1,283
BRDA:200,28,0,256
BRDA:200,28,1,27
BRDA:207,29,0,0
BRDA:207,29,1,27
BRDA:215,30,0,39
BRDA:215,30,1,244
BRDA:221,31,0,283
BRDA:221,31,1,27
BRDA:223,32,0,283
BRDA:223,32,1,153
BRDA:224,33,0,283
BRDA:224,33,1,229
BRDA:231,34,0,244
BRDA:231,34,1,12
BRF:69
BRH:60
end_of_record
TN:
SF:/home/physikerwelt/git/ag-gipp/vmext/lib/ASTRenderer/index.js
FNF:0
FNH:0
DA:3,1
DA:5,1
LF:2
LH:2
BRF:0
BRH:0
end_of_record
TN:
SF:/home/physikerwelt/git/ag-gipp/vmext/lib/ASTRenderer/GraphRenderer.js
FN:16,(anonymous_1)
FN:28,(anonymous_2)
FN:45,(anonymous_3)
FN:66,(anonymous_4)
FN:73,(anonymous_5)
FN:113,(anonymous_6)
FN:151,(anonymous_7)
FN:204,(anonymous_8)
FN:257,(anonymous_9)
FN:328,(anonymous_10)
FNF:10
FNH:9
FNDA:9,(anonymous_1)
FNDA:7,(anonymous_2)
FNDA:2,(anonymous_3)
FNDA:0,(anonymous_4)
FNDA:9,(anonymous_5)
FNDA:2,(anonymous_6)
FNDA:2,(anonymous_7)
FNDA:2,(anonymous_8)
FNDA:11,(anonymous_9)
FNDA:2,(anonymous_10)
DA:3,1
DA:4,1
DA:5,1
DA:6,1
DA:9,1
DA:17,9
DA:18,9
DA:19,9
DA:20,9
DA:29,7
DA:30,7
DA:33,7
DA:34,117
DA:36,7
DA:37,7
DA:46,2
DA:50,2
DA:52,2
DA:53,2
DA:57,2
DA:58,2
DA:59,2
DA:60,2
DA:62,2
DA:67,0
DA:74,9
DA:75,9
DA:76,214
DA:77,214
DA:78,2
DA:79,2
DA:81,0
DA:82,0
DA:83,0
DA:84,0
DA:85,0
DA:87,212
DA:89,212
DA:90,212
DA:91,212
DA:92,85
DA:94,85
DA:95,85
DA:100,9
DA:102,0
DA:103,0
DA:114,2
DA:115,2
DA:116,2
DA:118,2
DA:119,0
DA:121,2
DA:122,0
DA:125,2
DA:127,2
DA:136,2
DA:140,2
DA:152,2
DA:154,2
DA:155,2
DA:157,2
DA:159,2
DA:161,2
DA:162,2
DA:165,8
DA:166,2
DA:168,2
DA:170,2
DA:171,2
DA:172,2
DA:176,2
DA:177,2
DA:187,2
DA:188,2
DA:206,2
DA:208,2
DA:209,2
DA:211,2
DA:212,30
DA:213,30
DA:214,30
DA:215,30
DA:218,62
DA:219,12
DA:222,50
DA:225,50
DA:227,50
DA:229,50
DA:231,34
DA:232,8
DA:235,34
DA:236,34
DA:239,50
DA:240,50
DA:244,2
DA:245,26
DA:246,26
DA:247,4
DA:248,4
DA:258,11
DA:259,11
DA:261,11
DA:262,290
DA:263,290
DA:265,290
DA:266,290
DA:267,290
DA:269,290
DA:270,0
DA:273,290
DA:290,290
DA:291,107
DA:292,279
DA:293,279
DA:304,279
DA:308,11
DA:329,2
DA:330,4
DA:331,4
LF:119
LH:108
BRDA:76,1,0,6
BRDA:76,1,1,208
BRDA:77,2,0,2
BRDA:77,2,1,212
BRDA:78,3,0,2
BRDA:78,3,1,0
BRDA:91,4,0,85
BRDA:91,4,1,127
BRDA:118,5,0,0
BRDA:118,5,1,2
BRDA:121,6,0,0
BRDA:121,6,1,2
BRDA:171,7,0,2
BRDA:171,7,1,0
BRDA:176,8,0,2
BRDA:176,8,1,0
BRDA:187,9,0,2
BRDA:187,9,1,0
BRDA:215,10,0,80
BRDA:215,10,1,64
BRDA:218,11,0,12
BRDA:218,11,1,50
BRDA:227,12,0,50
BRDA:227,12,1,38
BRDA:229,13,0,34
BRDA:229,13,1,16
BRDA:231,14,0,8
BRDA:231,14,1,26
BRDA:246,15,0,4
BRDA:246,15,1,22
BRDA:246,16,0,26
BRDA:246,16,1,14
BRDA:266,17,0,290
BRDA:266,17,1,0
BRDA:269,18,0,0
BRDA:269,18,1,290
BRDA:290,19,0,107
BRDA:290,19,1,183
BRF:38
BRH:30
end_of_record
TN:
SF:/home/physikerwelt/git/ag-gipp/vmext/lib/MathJaxRenderer/index.js
FNF:0
FNH:0
DA:3,1
DA:5,1
LF:2
LH:2
BRF:0
BRH:0
end_of_record
TN:
SF:/home/physikerwelt/git/ag-gipp/vmext/lib/MathJaxRenderer/MathJaxRenderer.js
FN:12,toMML
FNF:1
FNH:1
FNDA:302,toMML
DA:3,1
DA:4,1
DA:5,1
DA:7,1
DA:12,1
DA:13,302
DA:16,309
DA:17,309
DA:24,308
DA:26,1
DA:27,1
LF:11
LH:11
BRDA:16,1,0,7
BRDA:16,1,1,302
BRDA:16,2,0,309
BRDA:16,2,1,308
BRDA:16,2,2,302
BRF:5
BRH:5
end_of_record
TN:
SF:/home/physikerwelt/git/ag-gipp/vmext/lib/ASTRenderer/SnapRenderer.js
FN:8,(anonymous_1)
FN:24,(anonymous_2)
FN:38,(anonymous_3)
FN:55,(anonymous_4)
FNF:4
FNH:2
FNDA:3,(anonymous_1)
FNDA:0,(anonymous_2)
FNDA:1,(anonymous_3)
FNDA:0,(anonymous_4)
DA:4,1
DA:5,1
DA:7,1
DA:9,3
DA:10,3
DA:11,3
DA:12,3
DA:13,3
DA:16,3
DA:17,3
DA:18,3
DA:19,3
DA:22,3
DA:24,3
DA:25,0
DA:26,0
DA:29,3
DA:31,3
DA:32,3
DA:33,3
DA:35,0
DA:39,1
DA:40,1
DA:41,1
DA:42,1
DA:43,1
DA:44,1
DA:47,1
DA:48,1
DA:49,1
DA:50,1
DA:53,1
DA:55,1
DA:56,0
DA:57,0
DA:60,1
DA:62,1
DA:63,1
DA:64,1
DA:66,0
LF:40
LH:34
BRDA:22,1,0,0
BRDA:22,1,1,3
BRDA:53,2,0,0
BRDA:53,2,1,1
BRF:4
BRH:2
end_of_record
TN:
SF:/home/physikerwelt/git/ag-gipp/vmext/errorHandler/ErrorHandler.js
FNF:0
FNH:0
DA:3,1
DA:4,1
DA:5,1
DA:7,1
DA:9,1
DA:10,0
DA:13,1
DA:14,12
DA:15,12
DA:16,12
DA:17,0
DA:18,0
DA:20,12
DA:21,12
DA:23,0
DA:25,12
LF:16
LH:12
BRDA:15,1,0,0
BRDA:15,1,1,12
BRDA:16,2,0,0
BRDA:16,2,1,12
BRDA:20,3,0,12
BRDA:20,3,1,0
BRDA:21,4,0,0
BRDA:21,4,1,12
BRF:8
BRH:4
end_of_record
